68,40 68,41 68,42 68,43 68,44 68,45 68,46 68,47 68,48 68,49 68,50 68,51 68,52 68,53 68,54 68,55 69,56 
165,30 166,30 167,30 168,29 169,28 169,27 170,26 170,25 170,24 170,23 170,22 170,21 170,20 170,19 170,18 171,17 172,16 172,15 172,14 172,13 172,12 172,11 172,10 172,9 172,8 171,7 
198,145 199,145 200,145 201,144 202,144 203,143 204,142 205,141 206,140 207,140 208,140 209,139 210,139 211,138 212,138 213,138 214,138 215,137 216,136 217,135 218,134 219,133 220,132 221,131 222,130 223,129 
219,243 220,242 221,241 222,240 222,239 221,238 220,238 219,238 218,238 217,238 216,238 215,239 214,240 213,241 
226,136 225,136 224,136 223,135 222,134 221,134 220,134 219,134 218,134 217,134 216,133 215,132 214,131 213,130 212,129 211,128 210,128 209,127 208,126 207,125 206,125 205,125 204,125 203,125 202,126 201,127 200,128 199,129 
163,80 163,81 163,82 163,83 163,84 162,85 162,86 161,87 161,88 161,89 161,90 161,91 161,92 161,93 161,94 161,95 161,96 161,97 161,98 161,99 161,100 162,101 163,102 164,103 
131,33 130,33 129,33 128,34 127,34 126,33 126,32 126,31 126,30 126,29 126,28 126,27 126,26 126,25 125,24 
62,127 62,126 63,125 
26,223 26,222 25,221 24,220 23,219 22,218 21,217 20,216 19,215 18,214 18,213 19,212 20,212 21,212 22,212 23,212 24,213 25,213 26,213 
142,23 141,23 140,23 139,23 138,23 137,22 136,21 135,20 134,19 133,18 132,17 131,16 130,15 130,14 130,13 130,12 130,11 130,10 130,9 129,8 128,7 127,6 126,5 125,4 124,3 123,2 122,1 121,0 
46,127 46,126 46,125 47,124 48,123 49,122 50,121 51,120 52,119 53,118 54,118 55,118 56,118 57,117 58,116 59,115 60,114 61,113 62,112 63,111 64,110 65,109 66,108 66,107 
21,30 21,29 21,28 21,27 21,26 21,25 21,24 21,23 21,22 21,21 21,20 21,19 22,18 23,17 24,16 25,15 
0,186 0,187 0,188 0,189 0,190 0,191 0,192 0,193 0,194 0,195 0,196 0,197 0,198 0,199 0,200 0,201 0,202 0,203 0,204 0,205 0,206 0,207 0,208 1,209 2,209 
237,117 237,118 238,119 239,120 240,121 241,122 242,123 243,124 243,125 243,126 244,127 244,128 244,129 244,130 244,131 244,132 244,133 244,134 244,135 244,136 244,137 244,138 245,139 
120,142 120,143 120,144 120,145 120,146 121,147 121,148 121,149 121,150 121,151 121,152 121,153 121,154 121,155 121,156 121,157 121,158 121,159 121,160 121,161 121,162 121,163 122,164 
157,62 158,62 159,62 160,62 161,62 162,61 163,60 164,59 165,58 166,57 167,56 168,55 169,54 
183,127 183,128 183,129 183,130 184,131 184,132 183,133 182,134 181,135 181,136 181,137 182,138 183,138 184,138 185,138 186,138 187,138 188,138 189,139 190,139 191,140 192,141 193,141 194,142 195,143 196,144 197,145 198,146 199,147 
187,68 186,68 185,68 184,68 183,67 182,66 181,65 180,64 179,63 178,62 177,61 176,60 
61,168 60,168 59,167 58,167 
85,52 85,51 85,50 85,49 85,48 85,47 86,46 86,45 85,44 85,43 85,42 85,41 
23,75 23,76 23,77 23,78 22,79 21,80 20,81 19,82 18,83 17,84 16,85 15,86 14,87 14,88 14,89 14,90 14,91 14,92 14,93 14,94 13,95 12,96 11,97 10,98 9,99 9,100 8,101 8,102 9,103 
98,21 97,21 96,21 95,21 94,21 93,21 92,21 91,21 90,21 89,21 88,21 87,22 86,23 85,24 84,25 83,26 
243,226 243,225 243,224 243,223 243,222 243,221 242,220 241,219 240,218 239,217 238,216 237,215 236,214 235,213 235,212 235,211 235,210 235,209 235,208 234,207 233,206 232,206 231,206 230,206 229,206 228,206 227,205 226,204 225,203 224,202 
30,17 30,18 30,19 30,20 30,21 30,22 30,23 30,24 30,25 30,26 30,27 30,28 30,29 30,30 30,31 30,32 30,33 29,34 28,35 27,36 26,37 25,38 
136,16 137,16 138,17 139,17 140,17 141,16 142,15 143,14 144,13 145,12 146,11 147,10 148,9 149,8 150,7 151,7 152,7 153,7 
4,246 5,246 6,246 7,246 8,246 9,246 10,246 11,246 12,246 13,246 14,246 15,246 16,246 17,246 18,246 19,246 20,246 21,246 22,246 23,246 24,246 25,246 26,246 27,246 28,246 29,246 30,247 31,248 32,249 
46,110 46,109 46,108 45,107 44,106 43,105 42,104 41,103 40,102 39,101 38,100 37,99 36,98 35,97 35,96 34,95 33,94 32,93 31,92 31,91 30,90 29,89 28,88 27,87 26,86 25,85 24,84 23,84 22,83 
204,183 204,182 204,181 204,180 204,179 204,178 204,177 204,176 204,175 204,174 204,173 204,172 204,171 204,170 204,169 203,168 202,167 201,166 200,165 199,164 198,163 
47,93 47,92 47,91 46,90 46,89 46,88 46,87 46,86 46,85 46,84 46,83 46,82 46,81 46,80 46,79 46,78 46,77 47,76 48,75 49,75 50,75 51,75 52,75 53,75 54,75 55,75 56,75 57,75 58,75 59,75 60,74 61,73 62,72 63,71 64,70 65,70 66,70 67,70 68,70 69,69 70,68 71,67 72,66 73,66 74,65 
118,159 117,159 116,158 115,157 114,156 113,156 112,155 111,155 110,155 109,155 108,156 
99,19 100,19 101,19 102,19 103,20 104,21 104,22 104,23 104,24 104,25 104,26 104,27 104,28 104,29 104,30 104,31 104,32 104,33 103,34 
204,92 204,93 204,94 204,95 204,96 204,97 203,98 202,99 201,99 200,100 199,101 198,102 197,103 196,104 
33,119 32,119 31,118 30,117 29,116 28,115 27,114 26,113 25,112 24,111 23,110 
20,51 20,52 20,53 20,54 20,55 20,56 19,57 18,58 17,58 16,58 15,58 14,58 13,58 12,59 11,60 10,61 
104,173 103,173 102,172 101,171 100,170 99,170 98,170 97,169 96,168 95,169 94,170 93,171 92,172 92,173 91,174 91,175 91,176 92,177 93,178 94,179 95,180 96,181 97,182 98,183 99,184 100,185 
245,162 244,161 243,160 242,160 241,160 240,160 239,160 238,159 237,159 236,159 235,159 234,159 233,158 232,157 231,156 230,155 229,154 228,153 
31,190 32,190 33,190 34,190 35,190 36,190 37,190 38,190 39,190 40,190 41,190 42,190 43,189 44,188 45,187 46,186 47,185 47,184 47,183 48,182 49,181 50,180 51,179 
210,111 210,112 209,113 208,114 207,115 206,116 205,117 204,117 203,118 202,118 201,118 200,118 199,117 199,116 199,115 199,114 199,113 199,112 199,111 198,110 197,109 197,108 197,107 196,106 196,105 196,104 196,103 196,102 197,101 
15,85 14,85 13,85 12,85 11,85 10,86 9,87 8,88 
206,213 206,214 206,215 205,216 204,217 203,218 202,219 201,220 200,221 199,222 198,223 197,224 196,225 196,226 196,227 196,228 196,229 196,230 195,231 194,232 193,233 193,234 192,235 192,236 192,237 192,238 191,239 190,240 190,241 189,242 188,243 187,243 186,243 185,243 184,243 183,243 182,242 
25,236 24,235 24,234 24,233 24,232 24,231 24,230 24,229 24,228 24,227 24,226 24,225 24,224 24,223 23,222 22,221 21,220 20,219 19,218 18,217 17,216 16,215 
230,123 230,124 230,125 230,126 230,127 230,128 230,129 230,130 230,131 230,132 230,133 230,134 231,135 232,136 233,137 234,138 235,139 236,140 237,141 238,142 239,143 
13,177 14,177 15,177 16,177 17,177 18,177 19,177 20,177 21,177 22,178 23,179 24,180 25,181 26,182 27,183 28,184 29,184 30,184 31,185 
63,192 63,191 63,190 63,189 63,188 63,187 64,186 65,185 66,185 67,185 68,185 69,185 70,186 71,187 72,188 73,189 72,190 72,191 71,192 
219,52 220,52 221,52 222,52 223,52 224,52 225,52 226,52 227,52 228,52 229,52 230,52 231,52 232,51 233,50 234,49 235,48 236,47 237,46 238,46 239,45 240,44 241,43 242,42 243,41 244,41 245,41 246,41 
67,185 66,185 65,185 64,184 63,183 62,182 61,182 60,181 59,181 58,180 57,179 56,178 56,177 55,176 54,175 53,174 53,173 53,172 53,171 53,170 53,169 52,168 51,167 
219,111 219,110 219,109 219,108 219,107 220,106 221,105 222,104 223,103 224,102 225,101 226,100 227,99 227,98 227,97 227,96 227,95 227,94 227,93 226,92 225,91 224,90 223,89 222,88 
106,126 105,126 104,126 103,126 102,125 101,124 101,123 100,122 99,121 98,120 97,119 96,118 95,117 94,116 93,115 93,114 92,113 91,112 90,111 89,111 88,111 87,110 
40,210 40,209 40,208 40,207 40,206 40,205 40,204 40,203 40,202 40,201 39,200 38,199 37,198 36,197 36,196 36,195 37,194 38,193 39,193 40,193 41,192 42,192 43,192 44,192 45,192 46,192 47,192 48,192 49,192 50,191 51,190 52,190 53,190 54,190 55,190 56,190 57,190 58,190 59,189 60,188 61,187 62,186 63,185 64,184 65,183 
183,70 183,71 183,72 183,73 183,74 183,75 183,76 183,77 184,78 184,79 184,80 185,81 185,82 185,83 185,84 185,85 186,86 186,87 186,88 186,89 186,90 186,91 186,92 186,93 185,94 184,95 183,96 
218,34 219,34 220,34 221,34 222,34 223,34 224,34 225,33 226,32 226,31 227,30 228,29 228,28 229,27 230,26 231,25 232,24 233,23 234,22 235,21 236,20 
72,46 71,46 70,46 69,46 68,46 67,47 66,48 65,49 64,50 
58,74 57,74 56,74 55,75 54,76 
19,163 18,163 17,162 16,161 15,160 14,160 13,160 12,160 11,160 10,160 9,160 8,160 7,160 6,159 5,158 4,157 3,156 2,155 1,154 0,153 0,152 
169,99 168,98 167,97 166,96 165,95 164,94 163,93 162,92 161,91 160,90 159,89 158,88 157,87 156,86 155,85 154,85 153,84 152,84 151,84 150,83 149,82 148,81 147,80 146,79 145,78 144,77 143,76 142,75 141,74 
86,160 85,160 84,160 83,160 82,160 81,160 80,160 79,160 78,160 77,160 76,160 75,160 74,160 73,160 72,159 71,159 70,159 69,159 68,158 67,157 
98,188 97,189 96,189 95,189 94,189 93,189 92,188 91,188 90,188 89,188 88,188 87,187 86,186 85,186 84,186 83,186 82,186 81,186 80,186 79,186 78,186 77,186 76,186 75,186 74,186 73,186 72,186 71,186 70,185 69,184 
53,16 54,15 55,14 56,14 57,14 58,14 59,14 60,13 61,12 62,11 63,11 64,10 65,9 66,8 67,7 68,6 69,5 70,4 71,3 
100,143 100,144 101,145 101,146 101,147 101,148 101,149 101,150 101,151 101,152 101,153 101,154 102,155 102,156 103,157 
111,26 110,26 109,26 108,25 107,24 106,23 105,22 104,21 103,20 102,20 101,20 100,20 99,20 98,19 97,18 96,17 95,16 94,15 93,14 92,13 91,12 90,11 89,10 88,9 87,8 86,7 85,6 84,5 83,4 
127,117 127,118 127,119 127,120 127,121 127,122 127,123 127,124 128,125 
122,238 121,238 120,239 119,240 
39,122 38,122 37,122 36,122 35,123 34,124 33,125 32,126 32,127 32,128 32,129 32,130 32,131 32,132 32,133 32,134 32,135 32,136 31,137 30,138 29,139 29,140 29,141 28,142 27,143 26,144 25,145 24,146 23,147 22,148 
99,84 99,83 99,82 99,81 99,80 99,79 99,78 99,77 98,76 97,75 97,74 97,73 97,72 97,71 97,70 97,69 97,68 97,67 97,66 97,65 97,64 97,63 97,62 97,61 98,60 99,59 99,58 100,57 101,56 101,55 102,54 103,53 103,52 102,51 101,50 100,50 99,49 98,49 97,49 96,49 95,49 94,49 93,49 92,49 91,49 90,48 89,48 88,48 87,49 86,50 85,51 85,52 85,53 86,54 87,55 
40,249 39,249 38,249 37,249 36,249 35,249 34,249 33,248 32,247 31,246 30,245 29,244 28,243 27,242 26,241 25,240 24,239 23,238 22,238 21,237 20,236 19,235 18,234 
134,181 135,180 136,179 137,178 138,177 139,177 140,176 141,176 142,176 143,176 144,176 145,176 146,176 147,176 148,176 149,176 150,176 151,175 152,174 153,173 154,172 155,171 156,170 157,169 
104,177 104,176 104,175 104,174 103,173 102,172 101,171 100,170 99,170 98,170 97,169 96,168 95,168 94,168 93,168 92,168 91,168 90,168 89,168 88,167 87,166 
105,51 105,52 105,53 105,54 105,55 105,56 105,57 106,58 107,59 108,60 109,60 110,61 111,62 112,63 113,64 114,64 115,65 116,65 117,65 118,65 119,65 120,65 121,65 122,65 123,65 124,65 125,66 126,67 
10,77 11,77 12,77 13,77 14,77 15,77 16,78 17,79 18,79 19,79 20,79 21,79 22,79 23,79 24,79 25,78 26,77 
78,73 78,72 78,71 78,70 78,69 78,68 78,67 77,66 76,65 75,64 74,63 75,62 76,62 77,62 78,62 79,62 80,62 81,61 82,61 83,60 84,59 85,58 86,57 
44,156 43,156 42,156 41,157 40,158 39,159 38,160 37,161 36,162 35,163 34,164 33,165 32,166 31,167 30,168 29,169 28,170 28,171 27,172 26,173 25,174 25,175 24,176 23,177 22,178 21,179 
81,120 81,119 81,118 82,117 83,116 84,115 85,114 86,113 87,112 88,111 89,111 90,111 91,111 92,110 93,109 94,108 95,107 96,106 
168,104 168,103 167,102 167,101 167,100 166,99 165,98 164,97 163,96 162,95 161,94 161,93 160,92 159,91 158,90 157,89 156,88 155,87 154,86 154,85 153,84 152,84 151,84 150,84 149,83 148,82 147,81 146,80 145,79 144,78 
183,118 182,118 181,118 180,117 179,117 
60,2 61,3 62,4 63,5 64,6 65,7 66,8 67,9 68,10 69,11 70,12 71,13 72,14 73,15 74,16 75,17 76,18 77,19 78,20 79,21 80,21 81,21 82,21 83,21 84,22 85,23 86,24 87,25 
146,37 147,37 148,37 149,38 150,39 151,40 151,41 152,42 153,43 154,44 155,45 156,46 157,47 158,48 159,49 160,50 161,51 162,52 163,53 163,54 163,55 163,56 163,57 163,58 163,59 163,60 164,61 165,62 166,63 167,64 
41,218 41,219 41,220 41,221 41,222 41,223 41,224 42,225 42,226 42,227 43,228 44,229 45,230 46,231 47,232 48,233 49,234 49,235 49,236 48,237 47,238 46,239 45,239 44,239 43,239 42,239 41,239 40,239 39,238 
172,31 172,30 172,29 172,28 172,27 172,26 172,25 172,24 172,23 171,22 171,21 171,20 171,19 171,18 171,17 172,16 173,15 
40,75 41,75 42,75 43,75 44,75 45,75 46,74 47,73 48,72 49,71 50,70 51,69 52,68 52,67 52,66 52,65 52,64 53,63 54,62 55,61 56,60 57,59 58,58 59,57 60,56 61,55 62,54 63,53 64,52 64,51 65,50 66,49 
63,24 63,23 63,22 63,21 62,20 61,19 60,18 59,17 58,16 57,15 56,14 55,14 54,14 53,14 52,13 51,12 50,11 49,11 48,11 47,11 46,11 45,11 44,11 43,11 42,11 41,11 40,11 39,11 38,11 37,11 36,10 
77,90 76,90 75,90 74,90 73,90 72,89 71,88 70,87 69,86 68,85 67,84 66,83 65,82 64,81 63,81 62,80 61,79 60,78 59,77 58,76 57,75 56,74 55,73 
127,69 127,68 127,67 126,66 126,65 125,64 125,63 125,62 125,61 125,60 125,59 125,58 125,57 125,56 125,55 124,54 124,53 124,52 124,51 125,50 125,49 125,48 125,47 125,46 125,45 126,44 126,43 126,42 
227,95 228,96 229,97 230,97 231,97 232,97 233,97 234,97 235,98 236,98 237,98 238,98 239,98 240,98 241,98 242,98 243,98 244,99 245,100 246,101 247,102 
100,125 100,126 100,127 100,128 100,129 100,130 100,131 99,132 98,133 98,134 98,135 98,136 98,137 98,138 98,139 98,140 99,141 99,142 99,143 99,144 99,145 99,146 99,147 99,148 99,149 98,150 
97,79 98,79 99,79 100,79 101,79 102,79 103,78 104,77 105,77 106,77 107,77 108,77 109,77 110,77 111,77 112,77 113,77 114,78 115,79 116,79 117,79 118,79 119,79 120,79 121,78 122,77 123,76 124,75 125,74 
23,198 23,197 23,196 23,195 23,194 23,193 23,192 22,191 21,190 20,189 19,188 18,187 17,186 16,185 15,184 14,183 13,182 12,181 11,180 10,180 9,179 8,178 
38,102 39,102 40,103 41,104 42,105 43,106 44,107 45,108 46,109 47,110 48,111 49,112 50,113 51,114 52,115 
198,207 199,207 200,207 201,207 202,207 203,207 204,207 205,208 206,208 207,207 208,206 209,205 210,205 211,205 212,205 213,205 214,205 215,204 216,203 216,202 216,201 
61,27 62,27 63,27 64,27 65,27 66,27 67,27 68,28 69,28 70,28 71,28 72,29 73,29 74,29 75,29 76,29 77,30 78,31 
55,32 55,31 55,30 55,29 55,28 56,27 57,26 57,25 57,24 57,23 57,22 57,21 57,20 57,19 57,18 58,17 58,16 58,15 58,14 58,13 57,12 57,11 57,10 58,9 59,8 
28,23 28,24 28,25 28,26 28,27 28,28 28,29 28,30 29,31 29,32 29,33 29,34 29,35 29,36 29,37 28,38 27,39 27,40 26,41 26,42 26,43 26,44 26,45 26,46 26,47 26,48 26,49 27,50 
198,65 199,66 200,67 201,68 202,69 203,70 204,71 
241,113 240,112 239,111 238,110 237,109 236,108 235,107 234,106 233,105 232,104 231,103 230,102 229,101 228,100 227,99 226,98 225,97 224,96 223,95 222,94 221,93 220,92 219,91 218,90 217,89 216,88 215,87 214,86 213,85 
224,121 224,120 223,119 223,118 224,117 
119,117 118,117 117,117 116,117 115,117 114,117 113,117 112,117 111,117 110,117 109,117 108,118 108,119 108,120 
83,86 83,85 82,84 81,83 80,82 79,81 78,80 78,79 78,78 78,77 78,76 78,75 78,74 78,73 78,72 78,71 78,70 78,69 78,68 78,67 77,66 76,65 75,64 74,63 74,62 74,61 
69,153 70,153 71,153 72,153 73,152 74,151 75,150 76,149 77,148 78,147 79,146 80,145 81,144 82,143 83,142 84,141 85,140 86,139 87,138 88,137 89,136 90,135 91,134 92,133 93,132 
227,49 226,50 225,51 224,52 223,53 222,54 221,55 220,56 219,57 219,58 218,59 217,60 217,61 216,62 215,63 214,64 213,65 212,66 211,67 210,68 209,69 208,70 207,71 206,72 205,73 204,74 203,75 
222,42 222,43 223,44 224,45 225,45 226,45 227,45 228,45 229,45 230,45 231,45 232,45 233,44 234,43 235,42 236,41 
80,111 79,111 78,111 77,111 76,111 75,111 74,111 73,111 72,111 71,111 70,111 69,110 68,109 67,108 67,107 66,106 65,105 64,104 63,103 62,102 61,101 60,100 59,99 58,98 57,97 56,96 55,95 54,94 
