85,72 86,73 86,74 87,75 87,76 86,77 85,78 84,79 83,80 82,81 81,82 80,83 80,84 80,85 80,86 79,87 78,88 77,89 76,90 
47,12 
43,26 42,27 41,28 40,28 39,27 39,26 39,25 39,24 38,23 37,22 36,21 35,20 34,19 33,18 32,17 31,16 30,15 30,14 30,13 30,12 31,11 32,10 33,9 34,8 35,7 36,6 
0,29 0,28 0,27 0,26 1,25 2,25 3,24 4,23 5,22 6,21 7,20 8,20 9,19 10,19 11,19 12,18 13,17 14,16 15,15 16,14 17,13 18,12 19,11 20,11 21,10 22,10 23,10 24,10 25,9 26,8 27,7 
48,47 47,48 46,49 46,50 46,51 46,52 46,53 46,54 46,55 47,56 48,57 
96,10 97,11 98,12 98,13 98,14 98,15 98,16 98,17 99,18 99,19 99,20 99,21 99,22 99,23 99,24 99,25 99,26 99,27 99,28 99,29 99,30 99,31 98,32 97,33 96,34 95,35 94,36 93,37 92,38 91,39 
10,49 10,48 10,47 9,46 9,45 9,44 8,43 8,42 8,41 8,40 8,39 8,38 8,37 8,36 8,35 8,34 8,33 8,32 9,31 10,30 11,29 12,28 
62,31 63,31 64,31 65,31 66,31 67,31 68,31 69,31 70,31 71,31 72,31 73,31 74,31 75,30 76,29 77,28 78,27 79,26 80,25 81,24 82,23 83,23 84,23 85,23 86,23 87,22 88,21 89,20 90,19 91,18 
68,71 68,72 68,73 67,74 67,75 67,76 66,77 65,78 64,78 63,78 62,78 61,79 60,80 59,81 58,81 57,82 56,83 56,84 56,85 56,86 56,87 56,88 56,89 56,90 56,91 56,92 56,93 55,94 54,95 53,96 52,97 
75,71 76,71 77,71 78,71 79,71 80,71 81,72 82,73 83,74 84,75 85,76 86,77 87,78 88,79 89,80 90,81 91,82 92,83 93,84 93,85 93,86 94,87 95,88 96,89 97,90 
18,9 19,9 20,9 21,8 22,7 
86,24 87,24 88,25 89,26 90,27 91,28 92,29 93,30 94,31 95,32 96,32 97,31 98,30 99,29 99,28 99,27 99,26 99,25 99,24 99,23 
17,35 17,34 17,33 17,32 17,31 17,30 17,29 17,28 18,27 19,26 20,25 21,24 22,23 23,22 24,21 25,20 26,19 27,18 
76,70 77,70 78,70 79,71 80,71 81,71 82,71 83,71 84,71 85,71 86,70 87,69 88,68 89,68 90,67 91,66 92,65 93,64 94,63 95,62 96,62 97,61 
23,77 23,78 23,79 23,80 24,81 25,82 26,83 27,84 28,85 29,86 30,87 31,88 32,89 33,90 34,91 35,92 36,93 37,94 38,95 39,96 40,97 41,98 42,99 
37,41 38,41 39,42 40,43 41,44 42,45 43,46 44,47 45,48 45,49 45,50 45,51 45,52 
96,81 96,80 95,79 94,78 93,77 92,76 91,75 90,74 89,73 88,72 87,71 
32,4 32,5 32,6 32,7 32,8 32,9 32,10 32,11 32,12 31,13 30,14 30,15 30,16 30,17 30,18 30,19 30,20 30,21 30,22 30,23 30,24 30,25 30,26 30,27 31,28 32,29 33,30 34,31 35,32 36,33 
24,48 23,49 22,50 21,51 20,52 19,53 18,54 17,55 16,56 15,57 14,58 13,59 12,60 11,61 10,62 9,63 8,64 8,65 8,66 7,67 6,68 5,69 4,70 3,71 2,72 1,73 
46,33 45,33 44,32 43,32 42,32 41,32 40,33 39,34 38,35 37,36 36,37 35,38 34,39 33,40 32,41 31,42 30,43 29,44 28,45 28,46 27,47 26,48 25,49 24,50 23,51 22,52 21,53 20,54 21,55 22,56 23,56 
12,34 12,33 12,32 13,31 14,30 15,29 16,28 17,27 18,26 18,25 18,24 18,23 18,22 19,21 20,20 21,19 22,18 23,17 24,16 24,15 25,14 25,13 25,12 25,11 24,10 23,10 22,10 21,10 20,10 19,10 18,11 
49,65 50,65 51,65 52,65 53,65 54,66 55,66 56,67 57,66 58,65 59,64 60,63 61,62 61,61 61,60 61,59 61,58 61,57 61,56 62,55 63,54 63,53 64,52 65,51 66,50 67,49 68,48 69,47 70,46 71,46 72,46 73,46 74,45 75,45 76,44 
79,25 78,24 77,23 76,23 75,22 74,21 73,20 72,20 71,20 70,20 69,20 68,19 67,19 66,19 65,19 64,19 63,19 62,19 61,19 60,18 59,17 58,16 58,15 58,14 58,13 58,12 57,11 56,10 55,9 54,8 
26,24 25,23 25,22 25,21 25,20 25,19 25,18 25,17 25,16 25,15 25,14 25,13 25,12 25,11 24,10 23,10 22,10 21,10 20,10 19,10 18,9 17,9 16,9 15,9 14,9 13,8 12,7 11,7 10,7 9,6 8,6 7,7 6,8 5,9 4,10 3,11 
73,13 73,14 73,15 74,16 73,17 72,18 72,19 
17,57 16,56 15,55 14,54 13,53 12,52 11,51 10,50 10,49 10,48 10,47 9,46 9,45 8,44 7,43 6,42 
8,84 8,85 8,86 8,87 7,88 6,89 5,90 4,90 3,90 2,90 1,90 0,89 
70,33 70,34 70,35 70,36 70,37 70,38 70,39 70,40 70,41 70,42 70,43 70,44 70,45 70,46 69,47 68,48 68,49 68,50 68,51 68,52 68,53 69,54 70,55 71,56 72,57 
27,14 27,15 28,16 29,17 30,18 31,19 32,20 33,21 34,22 35,23 36,24 37,25 38,26 39,27 40,28 41,28 42,29 43,29 44,29 45,29 46,30 47,31 48,31 49,31 50,31 51,31 52,32 53,33 54,34 55,35 56,36 57,37 
55,85 55,84 55,83 54,82 54,81 54,80 54,79 54,78 54,77 54,76 54,75 54,74 54,73 54,72 54,71 54,70 54,69 55,68 56,67 57,66 58,65 59,64 60,63 61,62 61,61 61,60 61,59 61,58 
86,21 85,21 84,20 83,19 82,18 82,17 82,16 82,15 82,14 82,13 82,12 81,11 80,10 
49,63 49,62 49,61 49,60 49,59 49,58 49,57 49,56 49,55 49,54 49,53 48,52 47,51 46,50 46,49 47,48 48,47 49,46 50,46 51,46 52,45 53,44 54,43 55,42 
2,63 3,63 4,63 5,63 6,63 7,62 8,61 8,60 8,59 8,58 8,57 8,56 8,55 8,54 8,53 
24,23 23,23 22,23 21,23 20,22 19,21 
33,52 33,53 33,54 33,55 34,56 34,57 34,58 34,59 34,60 34,61 34,62 34,63 35,64 35,65 35,66 35,67 35,68 36,69 36,70 35,71 34,72 33,73 32,74 31,75 30,76 
26,12 27,12 28,13 29,14 30,15 31,16 32,17 33,18 34,18 35,18 36,18 37,18 38,18 39,18 40,17 41,16 42,15 43,14 44,13 45,12 46,11 
44,26 44,27 44,28 45,29 46,30 47,31 48,31 49,31 50,31 51,31 52,31 53,32 54,33 55,34 56,35 57,36 58,37 59,38 60,39 61,40 62,41 63,42 64,42 65,43 66,43 67,44 68,45 69,46 
87,60 87,59 87,58 87,57 87,56 87,55 86,54 85,53 84,52 83,51 83,50 82,49 81,48 80,47 79,46 78,45 77,44 76,44 75,44 74,43 73,43 72,43 71,43 70,43 69,43 68,43 67,42 66,42 65,41 64,40 63,39 
31,33 31,34 30,35 29,36 28,37 27,38 26,39 25,40 25,41 25,42 25,43 25,44 25,45 25,46 24,47 23,48 22,49 21,49 20,49 19,48 
76,11 76,12 77,13 78,14 79,15 80,16 81,17 82,18 83,19 84,20 85,21 86,21 87,21 88,21 89,21 
30,66 31,66 32,66 33,66 34,66 35,66 36,66 37,65 38,64 39,64 40,64 41,64 42,64 43,64 44,64 45,64 46,65 47,66 48,67 49,68 50,69 51,70 
24,75 24,76 24,77 24,78 24,79 25,80 25,81 25,82 25,83 25,84 25,85 26,86 27,87 28,88 29,89 30,90 31,91 32,92 33,93 34,94 35,95 36,96 36,97 37,98 36,99 35,99 34,99 
99,18 99,19 99,20 99,21 99,22 99,23 99,24 99,25 99,26 99,27 99,28 99,29 99,30 98,31 97,32 96,33 95,34 94,35 93,36 92,37 91,38 90,39 89,40 88,40 87,40 86,40 85,40 84,40 83,40 82,40 81,41 80,42 
31,52 30,53 29,54 28,55 27,55 26,55 25,56 24,56 23,56 22,57 21,58 20,59 19,60 18,61 17,62 16,63 15,64 
17,53 17,52 17,51 17,50 17,49 17,48 16,47 16,46 16,45 16,44 16,43 16,42 16,41 16,40 16,39 16,38 15,37 14,36 
93,68 93,69 92,70 91,71 90,72 89,73 88,74 87,75 86,76 85,77 84,78 83,79 82,80 81,81 80,82 79,83 78,84 77,85 76,86 76,87 75,88 74,89 73,90 72,91 71,92 70,93 
56,14 56,15 56,16 56,17 56,18 57,19 58,20 59,21 60,22 61,23 62,24 63,25 64,26 65,27 66,28 67,28 68,28 69,28 70,29 71,29 72,29 73,29 74,29 75,29 76,29 77,30 78,31 79,32 80,33 81,34 82,35 83,36 84,37 
31,9 30,8 29,7 28,6 27,5 26,4 25,3 
28,98 29,99 30,99 31,99 32,99 33,99 34,99 35,99 36,99 37,99 38,99 39,99 40,99 41,99 42,99 43,99 44,99 45,99 46,99 47,99 48,99 49,99 50,99 51,99 52,99 53,99 54,99 55,99 56,99 57,99 58,99 
59,72 60,72 61,71 62,71 63,71 64,71 65,71 66,71 67,71 68,71 69,70 70,69 71,68 
