88,85 87,85 86,85 85,85 84,85 83,85 82,85 81,85 80,86 79,87 78,88 77,89 76,89 75,89 74,89 73,89 72,90 71,91 70,92 69,93 68,94 68,95 68,96 68,97 68,98 69,99 69,100 68,101 67,102 66,103 65,104 64,105 63,106 62,107 61,108 60,109 
23,28 24,28 25,28 26,28 27,28 28,28 29,28 30,27 31,26 32,25 33,24 34,23 35,22 36,21 37,20 38,19 39,18 40,18 41,17 42,16 43,16 44,16 45,16 46,16 47,16 48,15 
48,24 48,23 48,22 48,21 48,20 49,19 50,18 51,17 
235,248 236,249 237,249 238,249 239,249 240,249 241,249 242,249 243,249 244,249 245,249 
137,84 137,85 136,86 135,87 134,88 134,89 133,90 132,91 132,92 132,93 133,94 134,95 135,96 136,97 137,98 138,99 139,99 140,100 141,101 142,102 143,103 144,104 145,105 146,106 147,107 148,108 149,109 150,110 151,111 152,112 
55,65 56,65 57,65 58,65 59,65 60,65 61,65 62,66 63,67 64,68 65,69 66,70 
6,89 5,89 4,89 3,89 2,89 1,89 0,88 0,87 0,86 
186,218 186,217 186,216 186,215 186,214 186,213 186,212 186,211 186,210 187,209 188,208 189,207 190,206 191,205 192,204 192,203 192,202 192,201 191,200 190,199 189,198 188,197 187,196 186,195 185,194 184,193 183,192 182,191 181,191 180,190 
142,16 142,15 142,14 142,13 141,12 141,11 140,10 139,9 138,9 137,8 136,8 135,8 134,8 133,8 132,7 131,6 130,5 129,4 128,3 127,2 126,1 125,1 124,0 
22,79 22,80 22,81 21,82 20,83 19,84 18,85 
140,27 140,26 140,25 139,24 138,23 137,22 136,21 136,20 135,19 134,18 133,17 132,16 131,15 131,14 131,13 131,12 131,11 130,10 129,9 128,8 127,7 126,6 
36,160 37,160 38,160 39,160 40,160 41,161 42,162 43,163 44,164 45,164 46,164 47,165 48,166 49,167 50,168 51,169 52,170 53,171 54,172 55,173 56,174 57,175 58,176 59,177 
26,29 25,29 24,29 23,29 22,29 21,28 20,28 19,28 18,28 17,28 16,28 15,28 14,28 13,28 12,29 11,30 10,31 9,32 8,33 7,33 6,33 5,33 4,33 3,33 2,33 1,34 0,35 
156,234 156,233 156,232 155,231 154,230 153,229 152,228 151,227 150,226 149,225 148,224 147,223 146,222 146,221 146,220 146,219 147,218 148,217 149,216 150,215 
215,117 215,116 215,115 215,114 215,113 215,112 215,111 215,110 216,109 
136,22 136,21 135,20 134,19 133,18 132,17 131,16 130,15 129,14 128,13 
93,188 93,189 93,190 94,191 95,192 96,193 97,194 97,195 98,196 99,197 99,198 99,199 99,200 100,201 100,202 101,203 102,204 102,205 
51,15 50,15 49,15 48,15 47,15 46,15 45,15 44,15 43,15 42,15 41,15 40,15 39,15 38,16 37,16 36,16 35,17 34,18 
153,225 153,226 153,227 153,228 153,229 153,230 152,231 151,232 151,233 150,234 150,235 150,236 150,237 150,238 150,239 150,240 150,241 150,242 150,243 150,244 150,245 150,246 149,247 148,248 148,249 
139,72 139,73 139,74 139,75 139,76 139,77 139,78 139,79 138,80 
146,81 145,81 144,81 143,81 142,81 141,81 140,81 139,81 138,81 137,81 136,81 135,81 134,81 133,80 132,79 131,79 130,78 
10,226 10,227 10,228 10,229 10,230 11,231 12,232 12,233 12,234 12,235 12,236 11,237 10,238 9,239 8,240 7,241 6,242 6,243 5,244 
28,239 27,239 26,238 25,238 24,238 23,238 22,238 21,237 20,237 19,237 18,237 17,237 16,238 15,239 14,240 13,241 12,242 11,243 10,244 9,244 8,244 
0,101 0,102 0,103 1,104 2,104 3,104 4,104 5,105 6,106 7,107 8,108 8,109 9,110 10,111 11,112 12,113 13,114 14,115 15,116 16,116 17,117 18,117 19,118 20,118 21,119 22,120 23,121 
72,63 72,62 72,61 72,60 71,59 71,58 71,57 71,56 71,55 71,54 71,53 71,52 71,51 71,50 71,49 71,48 71,47 71,46 71,45 71,44 71,43 71,42 70,41 69,40 68,39 67,38 67,37 
200,16 201,16 202,16 203,16 204,16 205,16 206,16 207,15 208,14 209,13 210,12 
57,76 56,76 55,76 54,76 53,76 52,75 51,74 50,73 49,72 48,71 47,70 46,69 45,68 45,67 44,66 44,65 44,64 44,63 44,62 44,61 44,60 44,59 44,58 44,57 44,56 44,55 44,54 43,53 42,52 41,51 40,50 40,49 40,48 41,47 
212,165 212,166 213,167 214,168 215,169 216,170 216,171 216,172 216,173 215,174 214,174 213,174 212,175 211,176 210,177 210,178 210,179 210,180 210,181 210,182 210,183 209,184 208,185 207,186 206,187 205,188 204,189 203,190 
94,61 95,62 96,63 97,64 98,65 99,66 100,67 101,68 102,69 102,70 103,71 104,72 105,73 105,74 105,75 106,76 107,77 108,78 109,79 110,80 111,81 112,82 113,83 114,84 
202,130 202,129 202,128 202,127 202,126 202,125 202,124 201,123 201,122 201,121 201,120 201,119 202,118 203,117 204,116 
127,215 128,215 129,215 130,215 131,216 132,216 133,217 134,218 135,219 136,220 136,221 136,222 136,223 136,224 136,225 136,226 136,227 135,228 134,229 133,230 132,231 131,232 130,233 129,234 128,235 127,236 126,237 125,238 124,239 123,240 
154,137 155,137 156,137 157,138 158,139 159,140 160,141 161,142 162,143 162,144 162,145 163,146 163,147 164,148 164,149 164,150 164,151 164,152 165,153 166,154 167,155 168,156 168,157 169,158 170,159 171,160 172,161 173,162 174,163 175,164 176,165 177,166 178,167 
211,88 210,88 209,88 208,89 207,90 206,91 206,92 205,93 204,94 203,95 202,96 201,97 200,98 200,99 200,100 199,101 198,102 197,103 197,104 196,105 195,106 194,107 193,108 192,109 191,110 191,111 
218,156 219,156 220,156 221,156 222,156 223,156 224,156 225,156 226,156 227,155 228,155 229,155 230,155 231,155 232,155 233,155 234,155 235,155 236,155 237,155 238,155 239,156 240,155 241,154 242,153 243,152 244,151 245,150 246,149 246,148 246,147 246,146 246,145 246,144 246,143 246,142 246,141 246,140 246,139 
143,51 142,50 141,49 140,49 139,49 138,48 137,47 136,46 135,45 134,44 133,43 132,42 131,42 130,42 129,42 128,42 127,42 126,42 125,42 124,41 
64,89 65,89 66,89 67,89 68,89 69,89 70,90 71,91 72,92 73,93 74,94 74,95 74,96 75,97 76,98 76,99 
119,210 120,210 121,210 122,210 123,210 124,210 125,210 126,211 127,212 128,213 129,214 130,215 131,216 132,216 133,217 134,218 135,219 136,220 136,221 137,222 138,223 139,224 140,225 141,226 142,227 143,228 
127,119 128,120 128,121 129,122 130,123 131,124 132,125 133,126 134,127 135,128 136,129 137,130 138,131 139,132 140,133 141,134 142,134 143,134 144,134 145,134 146,134 147,134 148,135 149,136 150,137 151,138 152,139 153,140 154,141 
54,50 55,51 56,52 57,53 57,54 58,55 59,56 60,57 60,58 60,59 60,60 60,61 60,62 60,63 60,64 60,65 60,66 60,67 61,68 62,69 63,70 63,71 63,72 63,73 63,74 63,75 63,76 63,77 62,78 
181,69 180,69 179,70 178,70 177,70 176,70 175,70 174,69 173,69 172,69 171,69 170,69 169,69 168,69 167,69 166,69 165,69 164,68 163,67 162,67 161,66 160,66 159,66 158,67 157,68 156,69 155,70 
194,191 195,191 196,191 197,191 198,190 199,189 200,188 
248,25 248,24 248,23 249,22 249,21 249,20 249,19 249,18 249,17 249,16 249,15 249,14 249,13 249,12 249,11 249,10 249,9 249,8 249,7 249,6 249,5 249,4 249,3 249,2 249,1 248,0 247,0 246,0 
75,42 74,42 73,42 72,42 71,42 70,41 69,40 68,39 67,38 66,37 65,36 64,35 63,36 62,35 61,34 60,33 59,32 58,31 57,30 56,29 55,28 54,27 53,26 52,25 51,24 50,23 
125,183 125,184 125,185 125,186 125,187 125,188 124,189 123,190 122,191 121,192 120,193 120,194 120,195 120,196 120,197 120,198 120,199 119,200 118,201 117,202 117,203 116,204 115,205 114,206 
192,214 191,214 190,214 189,214 188,214 187,214 186,214 185,214 184,214 183,214 182,214 181,214 180,214 179,214 178,214 177,214 176,213 175,212 174,211 173,210 
193,21 194,21 195,21 196,22 197,22 198,22 199,23 200,24 201,25 202,26 203,27 204,28 205,29 
121,44 121,45 122,46 123,47 124,48 125,49 125,50 126,51 127,52 128,52 129,52 130,53 131,54 132,55 133,56 134,57 135,58 136,59 137,60 138,61 139,62 140,63 141,64 142,65 143,66 144,67 145,68 146,68 147,68 148,68 149,68 150,68 151,69 
144,186 145,186 146,186 147,186 148,187 149,187 150,187 151,187 152,187 153,187 154,188 155,189 156,190 157,191 158,192 159,193 160,194 161,195 162,196 163,197 164,198 165,199 166,200 167,201 
164,116 163,117 162,118 161,119 160,120 159,121 159,122 160,123 161,123 162,124 163,124 164,124 165,124 166,125 167,126 168,127 169,128 170,129 171,130 172,131 173,132 173,133 173,134 173,135 173,136 173,137 174,138 175,139 176,140 177,141 178,142 179,143 180,143 181,144 182,145 
108,138 109,138 110,138 111,138 112,138 113,138 114,138 115,138 116,138 117,138 118,138 119,138 120,138 121,137 122,137 123,137 124,137 125,137 126,137 127,137 128,137 129,136 130,135 131,134 132,133 133,132 134,131 135,130 
128,189 129,189 130,189 131,189 132,190 133,191 134,192 135,193 135,194 135,195 135,196 135,197 135,198 135,199 136,200 136,201 136,202 136,203 136,204 136,205 136,206 137,207 138,208 139,209 140,210 141,211 142,212 143,213 144,214 145,215 146,216 147,217 148,218 
85,12 84,12 83,12 82,12 81,12 80,13 79,14 78,15 77,16 76,17 75,18 74,19 73,20 72,21 71,22 70,23 69,24 68,24 67,24 66,25 65,26 64,27 63,28 62,29 61,30 60,31 59,32 59,33 58,34 57,35 
95,196 94,196 93,196 92,196 91,196 90,196 89,196 88,196 87,196 86,196 85,196 84,196 83,196 82,196 81,196 80,197 79,198 78,198 77,199 76,199 75,200 74,201 73,201 72,201 71,201 70,201 69,201 68,201 67,201 
152,89 153,90 154,91 155,92 156,93 157,94 158,95 159,96 159,97 160,98 161,99 162,100 163,101 164,102 165,103 166,104 167,105 168,106 169,107 170,108 171,109 172,110 
31,233 30,233 29,233 28,233 27,233 26,233 25,233 24,233 23,233 22,233 21,233 20,233 19,233 18,233 17,233 16,233 15,233 14,233 13,233 12,232 11,231 10,231 9,230 8,230 7,230 6,229 
194,179 193,179 192,179 191,179 190,179 189,179 188,178 187,177 186,176 185,175 184,174 183,173 182,172 181,171 180,170 179,169 178,168 177,167 176,166 175,165 174,164 173,163 172,162 171,161 170,160 169,159 
158,216 159,216 160,216 161,216 162,216 163,216 164,217 165,217 166,217 167,217 168,218 169,218 170,218 171,218 172,218 173,218 174,218 175,218 176,218 177,218 178,218 179,217 180,216 181,215 182,214 183,213 184,212 185,211 186,210 187,209 188,208 189,207 190,206 191,205 192,204 192,203 192,202 192,201 191,200 190,199 189,198 188,197 187,196 186,195 185,194 184,193 183,192 182,191 
231,100 230,100 229,100 228,100 227,100 226,101 225,102 224,103 223,104 222,105 221,106 220,107 219,108 
53,14 54,15 55,16 56,17 57,18 58,19 59,20 60,21 61,22 62,23 63,24 64,24 65,25 66,26 67,27 68,28 69,29 70,30 71,31 72,32 73,33 74,34 74,35 75,36 76,37 77,38 78,39 
49,37 49,38 49,39 49,40 49,41 48,42 47,43 46,43 45,43 44,43 43,43 42,42 41,41 41,40 41,39 41,38 40,37 39,36 38,35 37,34 36,33 35,32 34,31 33,30 32,30 31,30 30,30 29,30 28,29 27,28 26,27 25,26 24,25 23,24 22,23 21,22 20,21 19,20 
46,86 45,87 44,88 43,89 42,90 41,91 40,91 39,91 38,91 37,90 36,90 35,90 34,89 33,89 32,89 31,89 30,89 29,89 28,89 27,89 26,89 
1,143 1,144 1,145 1,146 1,147 1,148 0,149 0,150 0,151 0,152 0,153 0,154 0,155 0,156 0,157 0,158 0,159 0,160 0,161 0,162 0,163 0,164 0,165 0,166 0,167 0,168 0,169 0,170 1,171 2,172 
60,23 60,22 60,21 60,20 60,19 60,18 60,17 60,16 60,15 61,14 62,14 
12,120 12,121 12,122 12,123 12,124 13,125 13,126 13,127 14,128 15,129 16,130 17,130 18,130 19,131 20,131 21,131 22,131 23,131 24,131 25,132 26,133 27,134 
0,111 0,112 0,113 0,114 0,115 0,116 0,117 0,118 0,119 0,120 0,121 0,122 1,123 
219,38 220,37 221,36 222,35 223,34 224,33 225,32 226,31 227,30 228,29 228,28 228,27 228,26 228,25 228,24 229,23 230,22 231,21 232,20 233,19 234,18 235,17 236,16 237,15 238,14 238,13 239,12 240,11 241,11 242,11 243,10 
187,92 188,93 189,94 190,95 191,96 192,97 193,98 194,99 195,99 196,100 197,101 198,102 199,103 200,104 201,105 
84,234 83,234 82,233 82,232 83,231 84,230 85,230 86,230 87,231 88,231 89,231 90,230 91,230 92,229 93,228 94,227 95,226 96,225 97,224 98,223 99,222 100,221 101,220 102,219 103,218 
107,55 107,56 108,57 108,58 107,59 106,60 105,61 104,62 104,63 104,64 104,65 105,66 106,67 107,68 108,69 109,70 
129,42 128,43 127,44 126,45 125,46 125,47 124,48 123,49 123,50 122,51 121,52 120,53 119,54 118,55 117,56 116,57 115,58 114,59 
192,190 193,190 194,190 195,190 196,190 197,190 198,190 199,190 200,190 201,189 202,189 203,189 204,189 205,189 206,189 207,189 208,189 209,188 210,187 211,186 212,185 213,184 214,183 215,183 216,182 217,181 218,180 219,179 220,178 221,177 
54,20 53,19 53,18 53,17 53,16 53,15 53,14 54,13 55,12 56,11 57,10 58,9 59,8 60,7 60,6 59,5 58,5 57,5 56,5 55,5 54,4 
187,57 187,56 187,55 186,54 185,53 184,52 183,51 182,50 181,49 180,49 179,48 178,48 177,48 176,48 175,48 174,48 173,48 172,47 171,46 170,45 169,44 168,43 167,42 166,41 165,40 164,40 163,40 162,40 161,40 160,40 159,40 
188,215 187,215 186,216 185,217 184,218 183,219 182,220 181,221 180,222 179,223 178,224 177,224 176,223 
156,19 155,19 154,19 153,19 152,19 151,18 150,17 149,16 148,15 147,14 146,13 146,12 145,11 144,10 143,9 142,8 141,7 140,6 139,5 138,4 137,3 
249,245 249,244 249,243 249,242 249,241 249,240 248,239 247,238 246,237 245,236 244,235 243,234 242,233 241,232 240,231 239,230 238,229 238,228 238,227 238,226 237,225 236,224 
205,36 205,35 205,34 205,33 205,32 205,31 205,30 205,29 205,28 205,27 205,26 205,25 205,24 205,23 205,22 205,21 205,20 205,19 204,18 203,17 202,16 201,15 200,14 
141,172 140,172 139,172 138,172 137,172 136,172 135,172 134,172 133,172 132,172 131,172 130,172 129,172 128,172 127,172 126,172 125,171 124,170 123,170 122,169 121,169 120,168 119,167 118,166 117,165 116,165 115,164 
178,236 178,237 178,238 178,239 178,240 179,241 180,242 181,243 182,244 183,245 184,246 185,247 186,247 187,246 188,245 189,244 190,243 191,242 192,241 193,240 194,240 
58,2 58,3 58,4 59,5 60,6 60,7 60,8 60,9 61,10 61,11 62,12 63,13 64,14 65,15 66,16 67,17 68,18 69,19 70,20 70,21 70,22 70,23 71,24 72,25 
19,108 19,109 19,110 19,111 19,112 19,113 19,114 19,115 19,116 20,117 20,118 21,119 22,120 23,121 
147,231 147,232 148,233 148,234 148,235 148,236 147,237 146,238 145,239 145,240 
187,91 188,91 189,90 190,89 191,88 192,87 193,86 194,85 195,84 196,83 197,82 198,81 199,80 200,79 201,78 202,77 202,76 
154,60 153,60 152,60 151,60 150,60 149,60 148,60 147,60 146,60 145,59 144,58 143,57 142,56 141,55 140,54 140,53 139,52 138,51 
194,168 193,167 192,166 191,165 190,164 189,163 188,162 187,161 186,160 185,159 184,158 183,157 182,156 181,155 180,154 179,153 178,152 177,151 176,150 175,149 174,149 173,148 172,147 171,146 170,145 169,144 168,143 167,142 166,141 
225,105 226,105 227,106 228,106 229,106 230,106 231,107 232,108 233,109 234,110 235,111 236,112 237,112 238,113 239,114 240,115 241,116 242,117 242,118 242,119 243,120 244,121 245,122 
57,224 56,224 55,224 54,224 53,224 52,224 51,224 50,224 49,224 48,224 47,224 46,224 45,224 44,224 43,224 42,224 41,224 40,224 39,224 38,224 37,224 36,224 35,224 34,224 33,225 33,226 33,227 
108,79 108,80 108,81 108,82 108,83 108,84 108,85 108,86 108,87 108,88 108,89 108,90 108,91 108,92 109,93 110,94 111,95 112,96 113,97 114,98 115,99 116,100 117,101 118,102 119,103 120,104 121,105 122,106 123,106 124,106 125,106 126,106 127,106 128,106 129,106 130,106 131,106 132,106 133,107 134,108 
166,6 167,6 168,6 169,6 170,7 171,7 172,7 173,6 174,6 175,6 176,6 177,6 178,6 
95,13 96,13 97,13 98,13 99,12 100,11 101,10 
233,248 232,248 231,248 230,248 229,248 228,248 227,248 226,248 225,248 224,248 223,248 222,248 221,248 220,249 219,249 218,249 217,248 216,247 215,246 214,245 213,244 212,243 
86,220 85,221 84,222 83,222 82,222 81,222 80,222 79,221 78,221 77,221 76,221 75,221 74,221 73,221 72,221 71,221 70,221 69,221 68,221 67,222 66,223 
177,188 178,189 179,190 180,191 181,192 182,193 183,193 184,194 185,195 186,196 187,197 188,198 189,199 190,200 191,201 192,202 192,203 192,204 191,205 190,206 189,207 188,208 187,209 186,209 185,209 184,209 183,209 182,209 181,209 180,209 179,208 178,207 177,207 176,206 175,206 174,206 173,205 
213,131 214,132 215,133 216,134 217,135 218,136 219,137 219,138 219,139 220,140 221,141 222,142 223,143 224,144 225,145 226,146 227,147 228,148 229,149 230,150 231,151 232,152 233,153 234,153 235,153 236,154 237,154 238,155 239,156 240,156 241,157 
76,64 75,64 74,64 73,63 72,62 71,61 70,60 69,59 68,59 67,59 66,59 65,59 64,59 63,58 62,58 61,57 60,56 59,55 58,54 57,53 56,52 55,52 54,52 53,52 52,51 51,50 50,49 49,48 
77,115 77,116 77,117 77,118 77,119 77,120 77,121 78,122 78,123 79,124 80,125 81,126 82,127 83,128 84,129 85,130 86,131 87,132 88,132 89,132 90,132 91,132 92,132 93,132 94,132 95,132 96,132 97,132 98,132 99,132 100,131 
115,141 116,142 117,142 118,142 119,142 120,142 121,142 122,142 123,142 124,142 125,142 126,142 127,142 128,142 129,142 130,142 131,142 132,142 133,142 134,142 135,143 136,144 136,145 136,146 137,147 137,148 137,149 137,150 137,151 138,152 
17,42 18,42 19,42 20,42 21,42 22,43 23,43 24,43 25,43 26,43 27,43 28,44 29,44 30,44 
48,99 48,100 48,101 48,102 48,103 48,104 48,105 48,106 48,107 47,108 46,109 45,110 
177,154 178,155 178,156 178,157 178,158 178,159 178,160 178,161 178,162 178,163 178,164 178,165 178,166 178,167 178,168 179,169 179,170 178,171 177,172 176,173 175,173 174,173 173,173 172,173 171,173 170,174 169,175 168,176 167,177 166,178 
