XXX.XXX.XXX.XXX.XXX.X
....................X
XXX.XXX.XXX.XXX.XXX.X
.....................
XXX.XXX.XXX.XXX.XXX.X
....................X
XXX.XXX.XXX.XXX.XXX.X

XXX.XXX
.......
XXX.XXX
.......
XXX.XXX
.......
XXX.XXX
.......
XXX.XXX

XXX.XXX.XXX.XXX.XXX.XXX.XXX.X
............................X
XXX.XXX.XXX.XXX.XXX.XXX.XXX.X
.............................
XXX.XXX.XXX.XXX.XXX.XXX.XXX.X
............................X
XXX.XXX.XXX.XXX.XXX.XXX.XXX.X
.............................
XXX.XXX.XXX.XXX.XXX.XXX.XXX.X
............................X
XXX.XXX.XXX.XXX.XXX.XXX.XXX.X
.............................
XXX.XXX.XXX.XXX.XXX.XXX.XXX.X
............................X
XXX.XXX.XXX.XXX.XXX.XXX.XXX.X
.............................
XXX.XXX.XXX.XXX.XXX.XXX.XXX.X
............................X
XXX.XXX.XXX.XXX.XXX.XXX.XXX.X
.............................
XXX.XXX.XXX.XXX.XXX.XXX.XXX.X
............................X
XXX.XXX.XXX.XXX.XXX.XXX.XXX.X
.............................
XXX.XXX.XXX.XXX.XXX.XXX.XXX.X
............................X
XXX.XXX.XXX.XXX.XXX.XXX.XXX.X
.............................
XXX.XXX.XXX.XXX.XXX.XXX.XXX.X
............................X
XXX.XXX.XXX.XXX.XXX.XXX.XXX.X
.............................
XXX.XXX.XXX.XXX.XXX.XXX.XXX.X
............................X
XXX.XXX.XXX.XXX.XXX.XXX.XXX.X

XXX.XXX.XXX.XXX.XXX.XXX.XXX.XXX.XXX.X
....................................X
XXX.XXX.XXX.XXX.XXX.XXX.XXX.XXX.XXX.X
.....................................
XXX.XXX.XXX.XXX.XXX.XXX.XXX.XXX.XXX.X
....................................X
XXX.XXX.XXX.XXX.XXX.XXX.XXX.XXX.XXX.X
.....................................
XXX.XXX.XXX.XXX.XXX.XXX.XXX.XXX.XXX.X
....................................X
XXX.XXX.XXX.XXX.XXX.XXX.XXX.XXX.XXX.X
.....................................
XXX.XXX.XXX.XXX.XXX.XXX.XXX.XXX.XXX..

XXX.XXX.XXX.XXX.XXX.XXX.XXX.XXX.XXX..X
.....................................X
XXX.XXX.XXX.XXX.XXX.XXX.XXX.XXX.XXX..X
......................................
XXX.XXX.XXX.XXX.XXX.XXX.XXX.XXX.XXX..X
.....................................X
XXX.XXX.XXX.XXX.XXX.XXX.XXX.XXX.XXX..X
......................................
XXX.XXX.XXX.XXX.XXX.XXX.XXX.XXX.XXX..X
.....................................X
XXX.XXX.XXX.XXX.XXX.XXX.XXX.XXX.XXX..X
......................................
XXX.XXX.XXX.XXX.XXX.XXX.XXX.XXX.XXX..X
.....................................X
XXX.XXX.XXX.XXX.XXX.XXX.XXX.XXX.XXX..X
......................................
XXX.XXX.XXX.XXX.XXX.XXX.XXX.XXX.XXX..X
.....................................X
XXX.XXX.XXX.XXX.XXX.XXX.XXX.XXX.XXX..X
......................................
XXX.XXX.XXX.XXX.XXX.XXX.XXX.XXX.XXX..X
.....................................X
XXX.XXX.XXX.XXX.XXX.XXX.XXX.XXX.XXX..X
......................................
XXX.XXX.XXX.XXX.XXX.XXX.XXX.XXX.XXX...

XXX.XXX.XXX.XXX.
................
XXX.XXX.XXX.XXX.
................
XXX.XXX.XXX.XXX.
................
XXX.XXX.XXX.XXX.
................
XXX.XXX.XXX.XXX.
................
XXX.XXX.XXX.XXX.
................
XXX.XXX.XXX.XXX.
................
XXX.XXX.XXX.XXX.
................
XXX.XXX.XXX.XXX.
................
XXX.XXX.XXX.XXX.
................
XXX.XXX.XXX.XXX.
................
XXX.XXX.XXX.XXX.
................
XXX.XXX.XXX.XXX.
................
XXX.XXX.XXX.XXX.
................
XXX.XXX.XXX.XXX.
................

XXX.XXX.XXX.XXX.X
................X
XXX.XXX.XXX.XXX.X
.................
XXX.XXX.XXX.XXX.X
................X
XXX.XXX.XXX.XXX.X
.................
XXX.XXX.XXX.XXX.X
................X
XXX.XXX.XXX.XXX.X
.................
XXX.XXX.XXX.XXX.X
................X
XXX.XXX.XXX.XXX.X
.................
XXX.XXX.XXX.XXX.X
................X
XXX.XXX.XXX.XXX.X
.................
XXX.XXX.XXX.XXX.X
................X
XXX.XXX.XXX.XXX.X
.................
XXX.XXX.XXX.XXX..
.................

XXX.XXX.XXX.XXX.XXX.XXX.XXX.XXX.XXX..X
.....................................X
XXX.XXX.XXX.XXX.XXX.XXX.XXX.XXX.XXX..X
......................................
XXX.XXX.XXX.XXX.XXX.XXX.XXX.XXX.XXX..X
.....................................X
XXX.XXX.XXX.XXX.XXX.XXX.XXX.XXX.XXX..X
......................................
XXX.XXX.XXX.XXX.XXX.XXX.XXX.XXX.XXX..X
.....................................X
XXX.XXX.XXX.XXX.XXX.XXX.XXX.XXX.XXX..X
......................................
XXX.XXX.XXX.XXX.XXX.XXX.XXX.XXX.XXX..X
.....................................X
XXX.XXX.XXX.XXX.XXX.XXX.XXX.XXX.XXX..X
......................................
XXX.XXX.XXX.XXX.XXX.XXX.XXX.XXX.XXX..X
.....................................X
XXX.XXX.XXX.XXX.XXX.XXX.XXX.XXX.XXX..X
......................................
XXX.XXX.XXX.XXX.XXX.XXX.XXX.XXX.XXX..X
.....................................X
XXX.XXX.XXX.XXX.XXX.XXX.XXX.XXX.XXX..X
......................................
XXX.XXX.XXX.XXX.XXX.XXX.XXX.XXX.XXX..X
.....................................X
XXX.XXX.XXX.XXX.XXX.XXX.XXX.XXX.XXX..X
......................................
XXX.XXX.XXX.XXX.XXX.XXX.XXX.XXX.XXX..X
.....................................X
XXX.XXX.XXX.XXX.XXX.XXX.XXX.XXX.XXX..X
......................................
XXX.XXX.XXX.XXX.XXX.XXX.XXX.XXX.XXX...

XXX.XXX.XXX
...........
XXX.XXX.XXX
...........
XXX.XXX.XXX
...........
XXX.XXX.XXX
...........
XXX.XXX.XXX
...........
XXX.XXX.XXX
...........
XXX.XXX.XXX
...........
XXX.XXX.XXX
...........
XXX.XXX.XXX
...........
XXX.XXX.XXX
...........
XXX.XXX.XXX
...........
XXX.XXX.XXX
...........
XXX.XXX.XXX
...........
XXX.XXX.XXX
...........
XXX.XXX.XXX
...........

XXX.XXX.XXX.XXX.XXX.XXX.XXX.XXX.XXX
...................................
XXX.XXX.XXX.XXX.XXX.XXX.XXX.XXX.XXX
...................................
XXX.XXX.XXX.XXX.XXX.XXX.XXX.XXX.XXX

XXX.XXX.XXX.XXX.XXX..X
.....................X
XXX.XXX.XXX.XXX.XXX..X
......................
XXX.XXX.XXX.XXX.XXX..X
.....................X
XXX.XXX.XXX.XXX.XXX..X
......................

XXX.XXX.XXX.XXX.XXX.XXX.
........................
XXX.XXX.XXX.XXX.XXX.XXX.
........................
XXX.XXX.XXX.XXX.XXX.XXX.
........................
XXX.XXX.XXX.XXX.XXX.XXX.
........................
XXX.XXX.XXX.XXX.XXX.XXX.

XXX.XXX
.......
XXX.XXX
.......
XXX.XXX
.......
XXX.XXX
.......
XXX.XXX
.......
XXX.XXX
.......
XXX.XXX
.......
XXX.XXX
.......
XXX.XXX
.......
XXX.XXX
.......
XXX.XXX
.......
XXX.XXX
.......
XXX.XXX
.......
XXX.XXX
.......
XXX.XXX
.......
XXX.XXX
.......
XXX.XXX

XXX.X
....X
XXX.X
.....
XXX.X
....X
XXX.X
.....
XXX.X
....X
XXX.X
.....
XXX.X
....X
XXX.X
.....
XXX.X
....X
XXX.X
.....
XXX.X
....X
XXX.X
.....
XXX.X
....X
XXX.X
.....
XXX.X
....X
XXX.X
.....
XXX.X
....X
XXX.X
.....
XXX..
.....

XXX.XXX.XXX.XXX.XXX.XXX.XXX.
............................
XXX.XXX.XXX.XXX.XXX.XXX.XXX.
............................

XXX.XXX.XXX.XXX.
................
XXX.XXX.XXX.XXX.
................
XXX.XXX.XXX.XXX.
................
XXX.XXX.XXX.XXX.
................
XXX.XXX.XXX.XXX.
................
XXX.XXX.XXX.XXX.
................
XXX.XXX.XXX.XXX.
................
XXX.XXX.XXX.XXX.
................
XXX.XXX.XXX.XXX.
................
XXX.XXX.XXX.XXX.
................
XXX.XXX.XXX.XXX.
................
XXX.XXX.XXX.XXX.
................

XXX.XXX.XXX.XXX.XXX.XXX.XXX.XXX.XXX..X
.....................................X
XXX.XXX.XXX.XXX.XXX.XXX.XXX.XXX.XXX..X
......................................
XXX.XXX.XXX.XXX.XXX.XXX.XXX.XXX.XXX...

XXX.XXX.XXX.XXX.XXX.XXX.XXX.XXX.XXX..X
.....................................X
XXX.XXX.XXX.XXX.XXX.XXX.XXX.XXX.XXX..X
......................................
XXX.XXX.XXX.XXX.XXX.XXX.XXX.XXX.XXX..X
.....................................X
XXX.XXX.XXX.XXX.XXX.XXX.XXX.XXX.XXX..X
......................................
XXX.XXX.XXX.XXX.XXX.XXX.XXX.XXX.XXX..X
.....................................X
XXX.XXX.XXX.XXX.XXX.XXX.XXX.XXX.XXX..X
......................................
XXX.XXX.XXX.XXX.XXX.XXX.XXX.XXX.XXX...
......................................

XXX.XXX.
........
XXX.XXX.
........
XXX.XXX.
........
XXX.XXX.
........
XXX.XXX.
........
XXX.XXX.
........
XXX.XXX.
........
XXX.XXX.
........
XXX.XXX.
........
XXX.XXX.
........
XXX.XXX.
........
XXX.XXX.
........
XXX.XXX.
........

XXX.XXX.X
........X
XXX.XXX.X
.........
XXX.XXX.X
........X
XXX.XXX.X
.........
XXX.XXX.X
........X
XXX.XXX.X
.........
XXX.XXX.X
........X
XXX.XXX.X
.........
XXX.XXX.X
........X
XXX.XXX.X
.........
XXX.XXX.X
........X
XXX.XXX.X
.........
XXX.XXX.X
........X
XXX.XXX.X
.........
XXX.XXX.X
........X
XXX.XXX.X
.........

XXX.XXX.XXX.XXX.XXX.X
....................X
XXX.XXX.XXX.XXX.XXX.X
.....................
XXX.XXX.XXX.XXX.XXX.X
....................X
XXX.XXX.XXX.XXX.XXX.X
.....................
XXX.XXX.XXX.XXX.XXX.X
....................X
XXX.XXX.XXX.XXX.XXX.X
.....................
XXX.XXX.XXX.XXX.XXX.X
....................X
XXX.XXX.XXX.XXX.XXX.X
.....................

XXX.XXX.XXX.XXX.XXX.XXX.XXX.XXX.XXX..X
.....................................X
XXX.XXX.XXX.XXX.XXX.XXX.XXX.XXX.XXX..X
......................................
XXX.XXX.XXX.XXX.XXX.XXX.XXX.XXX.XXX..X
.....................................X
XXX.XXX.XXX.XXX.XXX.XXX.XXX.XXX.XXX..X
......................................
XXX.XXX.XXX.XXX.XXX.XXX.XXX.XXX.XXX..X
.....................................X
XXX.XXX.XXX.XXX.XXX.XXX.XXX.XXX.XXX..X
......................................
XXX.XXX.XXX.XXX.XXX.XXX.XXX.XXX.XXX..X
.....................................X
XXX.XXX.XXX.XXX.XXX.XXX.XXX.XXX.XXX..X
......................................
XXX.XXX.XXX.XXX.XXX.XXX.XXX.XXX.XXX..X
.....................................X
XXX.XXX.XXX.XXX.XXX.XXX.XXX.XXX.XXX..X
......................................
XXX.XXX.XXX.XXX.XXX.XXX.XXX.XXX.XXX..X
.....................................X
XXX.XXX.XXX.XXX.XXX.XXX.XXX.XXX.XXX..X
......................................
XXX.XXX.XXX.XXX.XXX.XXX.XXX.XXX.XXX..X
.....................................X
XXX.XXX.XXX.XXX.XXX.XXX.XXX.XXX.XXX..X
......................................
XXX.XXX.XXX.XXX.XXX.XXX.XXX.XXX.XXX..X
.....................................X
XXX.XXX.XXX.XXX.XXX.XXX.XXX.XXX.XXX..X
......................................
XXX.XXX.XXX.XXX.XXX.XXX.XXX.XXX.XXX..X
.....................................X
XXX.XXX.XXX.XXX.XXX.XXX.XXX.XXX.XXX..X

XXX.XXX.XXX.XXX.XXX..X
.....................X
XXX.XXX.XXX.XXX.XXX..X
......................
XXX.XXX.XXX.XXX.XXX..X
.....................X
XXX.XXX.XXX.XXX.XXX..X
......................
XXX.XXX.XXX.XXX.XXX..X
.....................X
XXX.XXX.XXX.XXX.XXX..X
......................
XXX.XXX.XXX.XXX.XXX..X
.....................X
XXX.XXX.XXX.XXX.XXX..X
......................
XXX.XXX.XXX.XXX.XXX..X
.....................X
XXX.XXX.XXX.XXX.XXX..X
......................
XXX.XXX.XXX.XXX.XXX..X
.....................X
XXX.XXX.XXX.XXX.XXX..X
......................
XXX.XXX.XXX.XXX.XXX..X
.....................X
XXX.XXX.XXX.XXX.XXX..X
......................
XXX.XXX.XXX.XXX.XXX..X
.....................X
XXX.XXX.XXX.XXX.XXX..X
......................
XXX.XXX.XXX.XXX.XXX..X
.....................X
XXX.XXX.XXX.XXX.XXX..X

XXX.XXX.XXX.XXX.XXX.XXX.XXX..X
.............................X
XXX.XXX.XXX.XXX.XXX.XXX.XXX..X
..............................
XXX.XXX.XXX.XXX.XXX.XXX.XXX..X
.............................X
XXX.XXX.XXX.XXX.XXX.XXX.XXX..X
..............................
XXX.XXX.XXX.XXX.XXX.XXX.XXX..X
.............................X
XXX.XXX.XXX.XXX.XXX.XXX.XXX..X
..............................
XXX.XXX.XXX.XXX.XXX.XXX.XXX..X
.............................X
XXX.XXX.XXX.XXX.XXX.XXX.XXX..X
..............................
XXX.XXX.XXX.XXX.XXX.XXX.XXX...
..............................

XXX.XXX.XXX.XXX.XXX.
....................
XXX.XXX.XXX.XXX.XXX.
....................
XXX.XXX.XXX.XXX.XXX.
....................
XXX.XXX.XXX.XXX.XXX.
....................
XXX.XXX.XXX.XXX.XXX.
....................
XXX.XXX.XXX.XXX.XXX.
....................
XXX.XXX.XXX.XXX.XXX.

XXX.X
....X
XXX.X
.....
XXX.X
....X
XXX.X
.....
XXX.X
....X
XXX.X
.....
XXX.X
....X
XXX.X
.....
XXX.X
....X
XXX.X
.....
XXX.X
....X
XXX.X
.....
XXX.X
....X
XXX.X
.....
XXX.X
....X
XXX.X

XXX.XXX..X
.........X
XXX.XXX..X
..........
XXX.XXX..X
.........X
XXX.XXX..X
..........
XXX.XXX..X
.........X
XXX.XXX..X
..........
XXX.XXX..X
.........X
XXX.XXX..X
..........
XXX.XXX..X
.........X
XXX.XXX..X
..........
XXX.XXX..X
.........X
XXX.XXX..X
..........
XXX.XXX..X
.........X
XXX.XXX..X
..........

XXX.XXX.XXX.XXX
...............
XXX.XXX.XXX.XXX
...............
XXX.XXX.XXX.XXX
...............
XXX.XXX.XXX.XXX
...............
XXX.XXX.XXX.XXX
...............
XXX.XXX.XXX.XXX
...............
XXX.XXX.XXX.XXX
...............
XXX.XXX.XXX.XXX
...............
XXX.XXX.XXX.XXX
...............
XXX.XXX.XXX.XXX
...............
XXX.XXX.XXX.XXX
...............
XXX.XXX.XXX.XXX

XXX..X
.....X
XXX..X
......
XXX..X
.....X
XXX..X
......
XXX...

XXX.XXX.
........
XXX.XXX.
........
XXX.XXX.
........
XXX.XXX.
........
XXX.XXX.
........
XXX.XXX.
........
XXX.XXX.
........
XXX.XXX.
........
XXX.XXX.
........
XXX.XXX.
........
XXX.XXX.
........
XXX.XXX.
........
XXX.XXX.
........
XXX.XXX.
........
XXX.XXX.
........
XXX.XXX.
........
XXX.XXX.

XXX.XXX.XXX.XXX.XXX..X
.....................X
XXX.XXX.XXX.XXX.XXX..X
......................
XXX.XXX.XXX.XXX.XXX..X
.....................X
XXX.XXX.XXX.XXX.XXX..X
......................
XXX.XXX.XXX.XXX.XXX..X
.....................X
XXX.XXX.XXX.XXX.XXX..X
......................
XXX.XXX.XXX.XXX.XXX..X
.....................X
XXX.XXX.XXX.XXX.XXX..X
......................
XXX.XXX.XXX.XXX.XXX..X
.....................X
XXX.XXX.XXX.XXX.XXX..X
......................
XXX.XXX.XXX.XXX.XXX..X
.....................X
XXX.XXX.XXX.XXX.XXX..X
......................
XXX.XXX.XXX.XXX.XXX..X
.....................X
XXX.XXX.XXX.XXX.XXX..X
......................

XXX.XXX.XXX.
............
XXX.XXX.XXX.
............
XXX.XXX.XXX.
............
XXX.XXX.XXX.
............
XXX.XXX.XXX.
............
XXX.XXX.XXX.
............
XXX.XXX.XXX.
............
XXX.XXX.XXX.
............
XXX.XXX.XXX.
............
XXX.XXX.XXX.
............
XXX.XXX.XXX.
............
XXX.XXX.XXX.
............
XXX.XXX.XXX.
............
XXX.XXX.XXX.
............
XXX.XXX.XXX.
............
XXX.XXX.XXX.
............
XXX.XXX.XXX.
............
XXX.XXX.XXX.
............

XXX.XXX.XXX.XXX.XXX.XXX.XXX.XXX.XXX
...................................
XXX.XXX.XXX.XXX.XXX.XXX.XXX.XXX.XXX
...................................
XXX.XXX.XXX.XXX.XXX.XXX.XXX.XXX.XXX
...................................
XXX.XXX.XXX.XXX.XXX.XXX.XXX.XXX.XXX
...................................
XXX.XXX.XXX.XXX.XXX.XXX.XXX.XXX.XXX
...................................
XXX.XXX.XXX.XXX.XXX.XXX.XXX.XXX.XXX
...................................
XXX.XXX.XXX.XXX.XXX.XXX.XXX.XXX.XXX

XXX.XXX
.......
XXX.XXX
.......

XXX.XXX.XXX.XXX..X
.................X
XXX.XXX.XXX.XXX..X
..................
XXX.XXX.XXX.XXX..X
.................X
XXX.XXX.XXX.XXX..X
..................
XXX.XXX.XXX.XXX..X
.................X
XXX.XXX.XXX.XXX..X
..................
XXX.XXX.XXX.XXX..X
.................X
XXX.XXX.XXX.XXX..X
..................
XXX.XXX.XXX.XXX..X
.................X
XXX.XXX.XXX.XXX..X
..................
XXX.XXX.XXX.XXX..X
.................X
XXX.XXX.XXX.XXX..X
..................
XXX.XXX.XXX.XXX..X
.................X
XXX.XXX.XXX.XXX..X
..................
XXX.XXX.XXX.XXX..X
.................X
XXX.XXX.XXX.XXX..X
..................
XXX.XXX.XXX.XXX..X
.................X
XXX.XXX.XXX.XXX..X

XXX..X
.....X
XXX..X
......
XXX..X
.....X
XXX..X
......
XXX..X
.....X
XXX..X
......
XXX..X
.....X
XXX..X
......
XXX..X
.....X
XXX..X
......

XXX.XXX.XXX.
............
XXX.XXX.XXX.
............
XXX.XXX.XXX.
............
XXX.XXX.XXX.
............
XXX.XXX.XXX.
............
XXX.XXX.XXX.
............
XXX.XXX.XXX.
............
XXX.XXX.XXX.
............
XXX.XXX.XXX.
............
XXX.XXX.XXX.
............
XXX.XXX.XXX.
............
XXX.XXX.XXX.
............
XXX.XXX.XXX.
............
XXX.XXX.XXX.
............
XXX.XXX.XXX.
............

XXX.XXX.XXX..X
.............X
XXX.XXX.XXX..X
..............
XXX.XXX.XXX..X
.............X
XXX.XXX.XXX..X
..............
XXX.XXX.XXX...
..............

XXX.XXX.XXX.XXX.XXX.XXX.XXX.XXX..X
.................................X
XXX.XXX.XXX.XXX.XXX.XXX.XXX.XXX..X
..................................
XXX.XXX.XXX.XXX.XXX.XXX.XXX.XXX..X
.................................X
XXX.XXX.XXX.XXX.XXX.XXX.XXX.XXX..X
..................................
XXX.XXX.XXX.XXX.XXX.XXX.XXX.XXX..X
.................................X
XXX.XXX.XXX.XXX.XXX.XXX.XXX.XXX..X
..................................
XXX.XXX.XXX.XXX.XXX.XXX.XXX.XXX..X
.................................X
XXX.XXX.XXX.XXX.XXX.XXX.XXX.XXX..X
..................................
XXX.XXX.XXX.XXX.XXX.XXX.XXX.XXX..X
.................................X
XXX.XXX.XXX.XXX.XXX.XXX.XXX.XXX..X
..................................
XXX.XXX.XXX.XXX.XXX.XXX.XXX.XXX..X
.................................X
XXX.XXX.XXX.XXX.XXX.XXX.XXX.XXX..X
..................................
XXX.XXX.XXX.XXX.XXX.XXX.XXX.XXX..X
.................................X
XXX.XXX.XXX.XXX.XXX.XXX.XXX.XXX..X
..................................
XXX.XXX.XXX.XXX.XXX.XXX.XXX.XXX..X
.................................X
XXX.XXX.XXX.XXX.XXX.XXX.XXX.XXX..X
..................................
XXX.XXX.XXX.XXX.XXX.XXX.XXX.XXX...

XXX.XXX.XXX.XXX.XXX.XXX.
........................
XXX.XXX.XXX.XXX.XXX.XXX.
........................
XXX.XXX.XXX.XXX.XXX.XXX.
........................
XXX.XXX.XXX.XXX.XXX.XXX.
........................
XXX.XXX.XXX.XXX.XXX.XXX.
........................
XXX.XXX.XXX.XXX.XXX.XXX.
........................
XXX.XXX.XXX.XXX.XXX.XXX.
........................
XXX.XXX.XXX.XXX.XXX.XXX.
........................
XXX.XXX.XXX.XXX.XXX.XXX.
........................
XXX.XXX.XXX.XXX.XXX.XXX.
........................
XXX.XXX.XXX.XXX.XXX.XXX.
........................
XXX.XXX.XXX.XXX.XXX.XXX.
........................
XXX.XXX.XXX.XXX.XXX.XXX.
........................
XXX.XXX.XXX.XXX.XXX.XXX.
........................
XXX.XXX.XXX.XXX.XXX.XXX.
........................
XXX.XXX.XXX.XXX.XXX.XXX.
........................
XXX.XXX.XXX.XXX.XXX.XXX.
........................

XXX.XXX.XXX.XXX.XXX.XXX.XXX..X
.............................X
XXX.XXX.XXX.XXX.XXX.XXX.XXX..X
..............................
XXX.XXX.XXX.XXX.XXX.XXX.XXX..X
.............................X
XXX.XXX.XXX.XXX.XXX.XXX.XXX..X
..............................
XXX.XXX.XXX.XXX.XXX.XXX.XXX..X
.............................X
XXX.XXX.XXX.XXX.XXX.XXX.XXX..X
..............................
XXX.XXX.XXX.XXX.XXX.XXX.XXX..X
.............................X
XXX.XXX.XXX.XXX.XXX.XXX.XXX..X
..............................
XXX.XXX.XXX.XXX.XXX.XXX.XXX..X
.............................X
XXX.XXX.XXX.XXX.XXX.XXX.XXX..X
..............................
XXX.XXX.XXX.XXX.XXX.XXX.XXX..X
.............................X
XXX.XXX.XXX.XXX.XXX.XXX.XXX..X
..............................
XXX.XXX.XXX.XXX.XXX.XXX.XXX..X
.............................X
XXX.XXX.XXX.XXX.XXX.XXX.XXX..X
..............................
XXX.XXX.XXX.XXX.XXX.XXX.XXX..X
.............................X
XXX.XXX.XXX.XXX.XXX.XXX.XXX..X

XXX.XXX.XXX.XXX..X
.................X
XXX.XXX.XXX.XXX..X
..................
XXX.XXX.XXX.XXX..X
.................X
XXX.XXX.XXX.XXX..X
..................
XXX.XXX.XXX.XXX..X
.................X
XXX.XXX.XXX.XXX..X
..................
XXX.XXX.XXX.XXX..X
.................X
XXX.XXX.XXX.XXX..X
..................
XXX.XXX.XXX.XXX...
..................

XXX.XXX.XXX.XXX.XXX.XXX.XXX.XXX.XXX.X
....................................X
XXX.XXX.XXX.XXX.XXX.XXX.XXX.XXX.XXX.X
.....................................
XXX.XXX.XXX.XXX.XXX.XXX.XXX.XXX.XXX.X
....................................X
XXX.XXX.XXX.XXX.XXX.XXX.XXX.XXX.XXX.X
.....................................
XXX.XXX.XXX.XXX.XXX.XXX.XXX.XXX.XXX.X
....................................X
XXX.XXX.XXX.XXX.XXX.XXX.XXX.XXX.XXX.X
.....................................
XXX.XXX.XXX.XXX.XXX.XXX.XXX.XXX.XXX.X
....................................X
XXX.XXX.XXX.XXX.XXX.XXX.XXX.XXX.XXX.X
.....................................
XXX.XXX.XXX.XXX.XXX.XXX.XXX.XXX.XXX..

XXX.XXX.XXX.XXX.XXX
...................
XXX.XXX.XXX.XXX.XXX
...................
XXX.XXX.XXX.XXX.XXX
...................
XXX.XXX.XXX.XXX.XXX
...................
XXX.XXX.XXX.XXX.XXX
...................
XXX.XXX.XXX.XXX.XXX
...................
XXX.XXX.XXX.XXX.XXX
...................
XXX.XXX.XXX.XXX.XXX
...................
XXX.XXX.XXX.XXX.XXX
...................
XXX.XXX.XXX.XXX.XXX
...................
XXX.XXX.XXX.XXX.XXX
...................
XXX.XXX.XXX.XXX.XXX
...................
XXX.XXX.XXX.XXX.XXX
...................

XXX.XXX.XXX.XXX.XXX.XXX.XXX.XXX.XXX..X
.....................................X
XXX.XXX.XXX.XXX.XXX.XXX.XXX.XXX.XXX..X
......................................

XXX.XXX.XXX.X
............X
XXX.XXX.XXX.X
.............
XXX.XXX.XXX.X
............X
XXX.XXX.XXX.X
.............
XXX.XXX.XXX.X
............X
XXX.XXX.XXX.X
.............
XXX.XXX.XXX.X
............X
XXX.XXX.XXX.X
.............
XXX.XXX.XXX.X
............X
XXX.XXX.XXX.X
.............
XXX.XXX.XXX.X
............X
XXX.XXX.XXX.X
.............
XXX.XXX.XXX.X
............X
XXX.XXX.XXX.X
.............
XXX.XXX.XXX.X
............X
XXX.XXX.XXX.X
.............

XXX.XXX.XXX.XXX.XXX.XXX.X
........................X
XXX.XXX.XXX.XXX.XXX.XXX.X
.........................
XXX.XXX.XXX.XXX.XXX.XXX.X
........................X
XXX.XXX.XXX.XXX.XXX.XXX.X

XXX.XXX.XXX.XXX.X
................X
XXX.XXX.XXX.XXX.X
.................
XXX.XXX.XXX.XXX.X
................X
XXX.XXX.XXX.XXX.X
.................
XXX.XXX.XXX.XXX.X
................X
XXX.XXX.XXX.XXX.X
.................
XXX.XXX.XXX.XXX.X
................X
XXX.XXX.XXX.XXX.X
.................
XXX.XXX.XXX.XXX.X
................X
XXX.XXX.XXX.XXX.X
.................
XXX.XXX.XXX.XXX.X
................X
XXX.XXX.XXX.XXX.X
.................
XXX.XXX.XXX.XXX.X
................X
XXX.XXX.XXX.XXX.X
.................
XXX.XXX.XXX.XXX.X
................X
XXX.XXX.XXX.XXX.X
.................

XXX.XXX.XXX.XXX.XXX..X
.....................X
XXX.XXX.XXX.XXX.XXX..X
......................

XXX.XXX.XXX.XXX.XXX.XXX.XXX.XXX.X
................................X
XXX.XXX.XXX.XXX.XXX.XXX.XXX.XXX.X
.................................
XXX.XXX.XXX.XXX.XXX.XXX.XXX.XXX.X
................................X
XXX.XXX.XXX.XXX.XXX.XXX.XXX.XXX.X
.................................
XXX.XXX.XXX.XXX.XXX.XXX.XXX.XXX.X
................................X
XXX.XXX.XXX.XXX.XXX.XXX.XXX.XXX.X
.................................
XXX.XXX.XXX.XXX.XXX.XXX.XXX.XXX.X
................................X
XXX.XXX.XXX.XXX.XXX.XXX.XXX.XXX.X
.................................
XXX.XXX.XXX.XXX.XXX.XXX.XXX.XXX.X
................................X
XXX.XXX.XXX.XXX.XXX.XXX.XXX.XXX.X

XXX.XXX.XXX.XXX.XXX.XXX.XXX.XXX.X
................................X
XXX.XXX.XXX.XXX.XXX.XXX.XXX.XXX.X
.................................
XXX.XXX.XXX.XXX.XXX.XXX.XXX.XXX.X
................................X
XXX.XXX.XXX.XXX.XXX.XXX.XXX.XXX.X
.................................
XXX.XXX.XXX.XXX.XXX.XXX.XXX.XXX.X
................................X
XXX.XXX.XXX.XXX.XXX.XXX.XXX.XXX.X
.................................
XXX.XXX.XXX.XXX.XXX.XXX.XXX.XXX.X
................................X
XXX.XXX.XXX.XXX.XXX.XXX.XXX.XXX.X
.................................
XXX.XXX.XXX.XXX.XXX.XXX.XXX.XXX.X
................................X
XXX.XXX.XXX.XXX.XXX.XXX.XXX.XXX.X
.................................
XXX.XXX.XXX.XXX.XXX.XXX.XXX.XXX.X
................................X
XXX.XXX.XXX.XXX.XXX.XXX.XXX.XXX.X
.................................
XXX.XXX.XXX.XXX.XXX.XXX.XXX.XXX.X
................................X
XXX.XXX.XXX.XXX.XXX.XXX.XXX.XXX.X
.................................
XXX.XXX.XXX.XXX.XXX.XXX.XXX.XXX.X
................................X
XXX.XXX.XXX.XXX.XXX.XXX.XXX.XXX.X
.................................
XXX.XXX.XXX.XXX.XXX.XXX.XXX.XXX.X
................................X
XXX.XXX.XXX.XXX.XXX.XXX.XXX.XXX.X

XXX.XXX.XXX.XXX.XXX.XXX.XXX.XXX..X
.................................X
XXX.XXX.XXX.XXX.XXX.XXX.XXX.XXX..X
..................................
XXX.XXX.XXX.XXX.XXX.XXX.XXX.XXX..X
.................................X
XXX.XXX.XXX.XXX.XXX.XXX.XXX.XXX..X
..................................
XXX.XXX.XXX.XXX.XXX.XXX.XXX.XXX..X
.................................X
XXX.XXX.XXX.XXX.XXX.XXX.XXX.XXX..X
..................................
XXX.XXX.XXX.XXX.XXX.XXX.XXX.XXX..X
.................................X
XXX.XXX.XXX.XXX.XXX.XXX.XXX.XXX..X
..................................
XXX.XXX.XXX.XXX.XXX.XXX.XXX.XXX..X
.................................X
XXX.XXX.XXX.XXX.XXX.XXX.XXX.XXX..X

XXX.XXX.XXX.XXX.XXX.XXX.XXX.X
............................X
XXX.XXX.XXX.XXX.XXX.XXX.XXX.X
.............................
XXX.XXX.XXX.XXX.XXX.XXX.XXX.X
............................X
XXX.XXX.XXX.XXX.XXX.XXX.XXX.X
.............................
XXX.XXX.XXX.XXX.XXX.XXX.XXX.X
............................X
XXX.XXX.XXX.XXX.XXX.XXX.XXX.X
.............................
XXX.XXX.XXX.XXX.XXX.XXX.XXX.X
............................X
XXX.XXX.XXX.XXX.XXX.XXX.XXX.X
.............................
XXX.XXX.XXX.XXX.XXX.XXX.XXX.X
............................X
XXX.XXX.XXX.XXX.XXX.XXX.XXX.X
.............................
XXX.XXX.XXX.XXX.XXX.XXX.XXX.X
............................X
XXX.XXX.XXX.XXX.XXX.XXX.XXX.X
.............................
XXX.XXX.XXX.XXX.XXX.XXX.XXX.X
............................X
XXX.XXX.XXX.XXX.XXX.XXX.XXX.X
.............................
XXX.XXX.XXX.XXX.XXX.XXX.XXX.X
............................X
XXX.XXX.XXX.XXX.XXX.XXX.XXX.X
.............................

XXX.XXX.XXX.XXX..X
.................X
XXX.XXX.XXX.XXX..X
..................

XXX.XXX.XXX.XXX.XXX.XXX.XXX.
............................
XXX.XXX.XXX.XXX.XXX.XXX.XXX.
............................
XXX.XXX.XXX.XXX.XXX.XXX.XXX.
............................
XXX.XXX.XXX.XXX.XXX.XXX.XXX.
............................
XXX.XXX.XXX.XXX.XXX.XXX.XXX.
............................
XXX.XXX.XXX.XXX.XXX.XXX.XXX.
............................
XXX.XXX.XXX.XXX.XXX.XXX.XXX.
............................
XXX.XXX.XXX.XXX.XXX.XXX.XXX.
............................
XXX.XXX.XXX.XXX.XXX.XXX.XXX.
............................
XXX.XXX.XXX.XXX.XXX.XXX.XXX.
............................
XXX.XXX.XXX.XXX.XXX.XXX.XXX.
............................
XXX.XXX.XXX.XXX.XXX.XXX.XXX.
............................
XXX.XXX.XXX.XXX.XXX.XXX.XXX.
............................
XXX.XXX.XXX.XXX.XXX.XXX.XXX.

XXX.
....
XXX.
....
XXX.
....
XXX.
....
XXX.
....

XXX.XXX.XXX.XXX.XXX.XXX.XXX.XXX.XXX.X
....................................X
XXX.XXX.XXX.XXX.XXX.XXX.XXX.XXX.XXX.X
.....................................
XXX.XXX.XXX.XXX.XXX.XXX.XXX.XXX.XXX.X
....................................X
XXX.XXX.XXX.XXX.XXX.XXX.XXX.XXX.XXX.X
.....................................
XXX.XXX.XXX.XXX.XXX.XXX.XXX.XXX.XXX.X
....................................X
XXX.XXX.XXX.XXX.XXX.XXX.XXX.XXX.XXX.X
.....................................
XXX.XXX.XXX.XXX.XXX.XXX.XXX.XXX.XXX.X
....................................X
XXX.XXX.XXX.XXX.XXX.XXX.XXX.XXX.XXX.X
.....................................
XXX.XXX.XXX.XXX.XXX.XXX.XXX.XXX.XXX.X
....................................X
XXX.XXX.XXX.XXX.XXX.XXX.XXX.XXX.XXX.X
.....................................
XXX.XXX.XXX.XXX.XXX.XXX.XXX.XXX.XXX.X
....................................X
XXX.XXX.XXX.XXX.XXX.XXX.XXX.XXX.XXX.X
.....................................
XXX.XXX.XXX.XXX.XXX.XXX.XXX.XXX.XXX.X
....................................X
XXX.XXX.XXX.XXX.XXX.XXX.XXX.XXX.XXX.X
.....................................
XXX.XXX.XXX.XXX.XXX.XXX.XXX.XXX.XXX.X
....................................X
XXX.XXX.XXX.XXX.XXX.XXX.XXX.XXX.XXX.X
.....................................
XXX.XXX.XXX.XXX.XXX.XXX.XXX.XXX.XXX.X
....................................X
XXX.XXX.XXX.XXX.XXX.XXX.XXX.XXX.XXX.X
.....................................
XXX.XXX.XXX.XXX.XXX.XXX.XXX.XXX.XXX..
.....................................

XXX.X
....X
XXX.X
.....
XXX..
.....

XXX.XXX.XXX.XXX.XXX.XXX.XXX.XXX.
................................
XXX.XXX.XXX.XXX.XXX.XXX.XXX.XXX.
................................
XXX.XXX.XXX.XXX.XXX.XXX.XXX.XXX.
................................
XXX.XXX.XXX.XXX.XXX.XXX.XXX.XXX.
................................
XXX.XXX.XXX.XXX.XXX.XXX.XXX.XXX.
................................

XXX.
....
XXX.
....
XXX.
....
XXX.
....

XXX.XXX.XXX.XXX.XXX.XXX.XXX.XXX
...............................
XXX.XXX.XXX.XXX.XXX.XXX.XXX.XXX
...............................
XXX.XXX.XXX.XXX.XXX.XXX.XXX.XXX
...............................
XXX.XXX.XXX.XXX.XXX.XXX.XXX.XXX
...............................
XXX.XXX.XXX.XXX.XXX.XXX.XXX.XXX
...............................
XXX.XXX.XXX.XXX.XXX.XXX.XXX.XXX
...............................
XXX.XXX.XXX.XXX.XXX.XXX.XXX.XXX
...............................
XXX.XXX.XXX.XXX.XXX.XXX.XXX.XXX
...............................
XXX.XXX.XXX.XXX.XXX.XXX.XXX.XXX
...............................
XXX.XXX.XXX.XXX.XXX.XXX.XXX.XXX
...............................
XXX.XXX.XXX.XXX.XXX.XXX.XXX.XXX
...............................
XXX.XXX.XXX.XXX.XXX.XXX.XXX.XXX
...............................
XXX.XXX.XXX.XXX.XXX.XXX.XXX.XXX
...............................
XXX.XXX.XXX.XXX.XXX.XXX.XXX.XXX

XXX.XXX.XXX.XXX.XXX.XXX.XXX.XXX.XXX.X
....................................X
XXX.XXX.XXX.XXX.XXX.XXX.XXX.XXX.XXX.X
.....................................
XXX.XXX.XXX.XXX.XXX.XXX.XXX.XXX.XXX.X
....................................X
XXX.XXX.XXX.XXX.XXX.XXX.XXX.XXX.XXX.X
.....................................
XXX.XXX.XXX.XXX.XXX.XXX.XXX.XXX.XXX.X
....................................X
XXX.XXX.XXX.XXX.XXX.XXX.XXX.XXX.XXX.X
.....................................
XXX.XXX.XXX.XXX.XXX.XXX.XXX.XXX.XXX..

XXX.XXX.XXX.XXX.XXX..X
.....................X
XXX.XXX.XXX.XXX.XXX..X
......................
XXX.XXX.XXX.XXX.XXX...

XXX.
....
XXX.
....
XXX.
....
XXX.
....
XXX.
....
XXX.
....
XXX.
....
XXX.
....
XXX.
....
XXX.
....
XXX.
....
XXX.
....
XXX.
....

XXX.XXX.XXX.XXX.XXX.XXX.XXX..X
.............................X
XXX.XXX.XXX.XXX.XXX.XXX.XXX..X
..............................
XXX.XXX.XXX.XXX.XXX.XXX.XXX..X
.............................X
XXX.XXX.XXX.XXX.XXX.XXX.XXX..X
..............................
XXX.XXX.XXX.XXX.XXX.XXX.XXX..X
.............................X
XXX.XXX.XXX.XXX.XXX.XXX.XXX..X
..............................
XXX.XXX.XXX.XXX.XXX.XXX.XXX..X
.............................X
XXX.XXX.XXX.XXX.XXX.XXX.XXX..X
..............................
XXX.XXX.XXX.XXX.XXX.XXX.XXX..X
.............................X
XXX.XXX.XXX.XXX.XXX.XXX.XXX..X
..............................
XXX.XXX.XXX.XXX.XXX.XXX.XXX..X
.............................X
XXX.XXX.XXX.XXX.XXX.XXX.XXX..X
..............................
XXX.XXX.XXX.XXX.XXX.XXX.XXX..X
.............................X
XXX.XXX.XXX.XXX.XXX.XXX.XXX..X
..............................
XXX.XXX.XXX.XXX.XXX.XXX.XXX..X
.............................X
XXX.XXX.XXX.XXX.XXX.XXX.XXX..X
..............................
XXX.XXX.XXX.XXX.XXX.XXX.XXX...

XXX.XXX.XXX.X
............X
XXX.XXX.XXX.X
.............
XXX.XXX.XXX.X
............X
XXX.XXX.XXX.X
.............
XXX.XXX.XXX.X
............X
XXX.XXX.XXX.X
.............
XXX.XXX.XXX.X
............X
XXX.XXX.XXX.X
.............
XXX.XXX.XXX.X
............X
XXX.XXX.XXX.X
.............
XXX.XXX.XXX.X
............X
XXX.XXX.XXX.X
.............

XXX.XXX.XXX.XXX.XXX.XXX.X
........................X
XXX.XXX.XXX.XXX.XXX.XXX.X
.........................
XXX.XXX.XXX.XXX.XXX.XXX.X
........................X
XXX.XXX.XXX.XXX.XXX.XXX.X
.........................
XXX.XXX.XXX.XXX.XXX.XXX.X
........................X
XXX.XXX.XXX.XXX.XXX.XXX.X
.........................
XXX.XXX.XXX.XXX.XXX.XXX.X
........................X
XXX.XXX.XXX.XXX.XXX.XXX.X
.........................
XXX.XXX.XXX.XXX.XXX.XXX.X
........................X
XXX.XXX.XXX.XXX.XXX.XXX.X
.........................
XXX.XXX.XXX.XXX.XXX.XXX.X
........................X
XXX.XXX.XXX.XXX.XXX.XXX.X
.........................
XXX.XXX.XXX.XXX.XXX.XXX..
.........................

XXX.XXX.XXX.XXX.XXX
...................
XXX.XXX.XXX.XXX.XXX
...................
XXX.XXX.XXX.XXX.XXX
...................
XXX.XXX.XXX.XXX.XXX
...................

XXX.XXX.XXX.XXX.XXX.XXX.X
........................X
XXX.XXX.XXX.XXX.XXX.XXX.X
.........................
XXX.XXX.XXX.XXX.XXX.XXX.X
........................X
XXX.XXX.XXX.XXX.XXX.XXX.X
.........................

XXX.XXX.XXX.XXX.XXX.XXX.XXX.XXX.
................................
XXX.XXX.XXX.XXX.XXX.XXX.XXX.XXX.
................................
XXX.XXX.XXX.XXX.XXX.XXX.XXX.XXX.
................................
XXX.XXX.XXX.XXX.XXX.XXX.XXX.XXX.
................................
XXX.XXX.XXX.XXX.XXX.XXX.XXX.XXX.
................................
XXX.XXX.XXX.XXX.XXX.XXX.XXX.XXX.
................................
XXX.XXX.XXX.XXX.XXX.XXX.XXX.XXX.
................................
XXX.XXX.XXX.XXX.XXX.XXX.XXX.XXX.
................................
XXX.XXX.XXX.XXX.XXX.XXX.XXX.XXX.
................................
XXX.XXX.XXX.XXX.XXX.XXX.XXX.XXX.
................................

XXX.XXX.XXX.XXX.XXX.X
....................X
XXX.XXX.XXX.XXX.XXX.X
.....................
XXX.XXX.XXX.XXX.XXX.X
....................X
XXX.XXX.XXX.XXX.XXX.X
.....................
XXX.XXX.XXX.XXX.XXX.X
....................X
XXX.XXX.XXX.XXX.XXX.X
.....................
XXX.XXX.XXX.XXX.XXX.X
....................X
XXX.XXX.XXX.XXX.XXX.X
.....................
XXX.XXX.XXX.XXX.XXX.X
....................X
XXX.XXX.XXX.XXX.XXX.X
.....................
XXX.XXX.XXX.XXX.XXX.X
....................X
XXX.XXX.XXX.XXX.XXX.X
.....................
XXX.XXX.XXX.XXX.XXX.X
....................X
XXX.XXX.XXX.XXX.XXX.X
.....................
XXX.XXX.XXX.XXX.XXX.X
....................X
XXX.XXX.XXX.XXX.XXX.X
.....................
XXX.XXX.XXX.XXX.XXX..
.....................

XXX.XXX.XXX.XXX.XXX.XXX.XXX.
............................
XXX.XXX.XXX.XXX.XXX.XXX.XXX.
............................
XXX.XXX.XXX.XXX.XXX.XXX.XXX.
............................
XXX.XXX.XXX.XXX.XXX.XXX.XXX.
............................
XXX.XXX.XXX.XXX.XXX.XXX.XXX.
............................
XXX.XXX.XXX.XXX.XXX.XXX.XXX.
............................
XXX.XXX.XXX.XXX.XXX.XXX.XXX.
............................
XXX.XXX.XXX.XXX.XXX.XXX.XXX.
............................
XXX.XXX.XXX.XXX.XXX.XXX.XXX.
............................
XXX.XXX.XXX.XXX.XXX.XXX.XXX.
............................
XXX.XXX.XXX.XXX.XXX.XXX.XXX.
............................
XXX.XXX.XXX.XXX.XXX.XXX.XXX.
............................
XXX.XXX.XXX.XXX.XXX.XXX.XXX.
............................
XXX.XXX.XXX.XXX.XXX.XXX.XXX.
............................
XXX.XXX.XXX.XXX.XXX.XXX.XXX.
............................
XXX.XXX.XXX.XXX.XXX.XXX.XXX.
............................
XXX.XXX.XXX.XXX.XXX.XXX.XXX.
............................
XXX.XXX.XXX.XXX.XXX.XXX.XXX.

XXX.XXX.XXX.X
............X
XXX.XXX.XXX.X
.............
XXX.XXX.XXX.X
............X
XXX.XXX.XXX.X
.............
XXX.XXX.XXX.X
............X
XXX.XXX.XXX.X
.............
XXX.XXX.XXX.X
............X
XXX.XXX.XXX.X
.............
XXX.XXX.XXX.X
............X
XXX.XXX.XXX.X
.............
XXX.XXX.XXX.X
............X
XXX.XXX.XXX.X
.............
XXX.XXX.XXX.X
............X
XXX.XXX.XXX.X
.............
XXX.XXX.XXX.X
............X
XXX.XXX.XXX.X
.............
XXX.XXX.XXX.X
............X
XXX.XXX.XXX.X
.............
XXX.XXX.XXX..

XXX.XXX.
........
XXX.XXX.
........
XXX.XXX.
........
XXX.XXX.

XXX.XXX.XXX.XXX.XXX.
....................
XXX.XXX.XXX.XXX.XXX.
....................
XXX.XXX.XXX.XXX.XXX.
....................
XXX.XXX.XXX.XXX.XXX.
....................
XXX.XXX.XXX.XXX.XXX.
....................
XXX.XXX.XXX.XXX.XXX.
....................
XXX.XXX.XXX.XXX.XXX.
....................
XXX.XXX.XXX.XXX.XXX.
....................
XXX.XXX.XXX.XXX.XXX.
....................
XXX.XXX.XXX.XXX.XXX.
....................

XXX..X
.....X
XXX..X
......
XXX..X
.....X
XXX..X
......
XXX..X
.....X
XXX..X
......
XXX..X
.....X
XXX..X
......
XXX..X
.....X
XXX..X

XXX.XXX..X
.........X
XXX.XXX..X
..........
XXX.XXX..X
.........X
XXX.XXX..X
..........
XXX.XXX...
..........

XXX.XXX.XXX
...........
XXX.XXX.XXX
...........
XXX.XXX.XXX
...........
XXX.XXX.XXX
...........
XXX.XXX.XXX
...........
XXX.XXX.XXX
...........
XXX.XXX.XXX
...........
XXX.XXX.XXX
...........
XXX.XXX.XXX
...........
XXX.XXX.XXX
...........
XXX.XXX.XXX
...........
XXX.XXX.XXX

XXX.XXX..X
.........X
XXX.XXX..X
..........
XXX.XXX..X
.........X
XXX.XXX..X
..........
XXX.XXX..X
.........X
XXX.XXX..X
..........
XXX.XXX..X
.........X
XXX.XXX..X
..........
XXX.XXX..X
.........X
XXX.XXX..X
..........
XXX.XXX..X
.........X
XXX.XXX..X
..........
XXX.XXX..X
.........X
XXX.XXX..X
..........
XXX.XXX...
..........

XXX.XXX.XXX.XXX
...............
XXX.XXX.XXX.XXX
...............
XXX.XXX.XXX.XXX
...............
XXX.XXX.XXX.XXX
...............
XXX.XXX.XXX.XXX
...............
XXX.XXX.XXX.XXX
...............
XXX.XXX.XXX.XXX
...............
XXX.XXX.XXX.XXX
...............
XXX.XXX.XXX.XXX
...............
XXX.XXX.XXX.XXX
...............
XXX.XXX.XXX.XXX
...............

XXX.XXX.XXX.XXX.XXX.XXX.XXX.XXX.XXX.
....................................
XXX.XXX.XXX.XXX.XXX.XXX.XXX.XXX.XXX.
....................................
XXX.XXX.XXX.XXX.XXX.XXX.XXX.XXX.XXX.
....................................
XXX.XXX.XXX.XXX.XXX.XXX.XXX.XXX.XXX.
....................................
XXX.XXX.XXX.XXX.XXX.XXX.XXX.XXX.XXX.
....................................
XXX.XXX.XXX.XXX.XXX.XXX.XXX.XXX.XXX.
....................................
XXX.XXX.XXX.XXX.XXX.XXX.XXX.XXX.XXX.
....................................
XXX.XXX.XXX.XXX.XXX.XXX.XXX.XXX.XXX.
....................................
XXX.XXX.XXX.XXX.XXX.XXX.XXX.XXX.XXX.
....................................

XXX.XXX.XXX.XXX.XXX.XXX..X
.........................X
XXX.XXX.XXX.XXX.XXX.XXX..X
..........................
XXX.XXX.XXX.XXX.XXX.XXX..X
.........................X
XXX.XXX.XXX.XXX.XXX.XXX..X
..........................
XXX.XXX.XXX.XXX.XXX.XXX..X
.........................X
XXX.XXX.XXX.XXX.XXX.XXX..X
..........................
XXX.XXX.XXX.XXX.XXX.XXX..X
.........................X
XXX.XXX.XXX.XXX.XXX.XXX..X
..........................
XXX.XXX.XXX.XXX.XXX.XXX..X
.........................X
XXX.XXX.XXX.XXX.XXX.XXX..X
..........................
XXX.XXX.XXX.XXX.XXX.XXX..X
.........................X
XXX.XXX.XXX.XXX.XXX.XXX..X
..........................
XXX.XXX.XXX.XXX.XXX.XXX..X
.........................X
XXX.XXX.XXX.XXX.XXX.XXX..X
..........................
XXX.XXX.XXX.XXX.XXX.XXX..X
.........................X
XXX.XXX.XXX.XXX.XXX.XXX..X
..........................
XXX.XXX.XXX.XXX.XXX.XXX..X
.........................X
XXX.XXX.XXX.XXX.XXX.XXX..X

XXX.XXX.XXX.XXX.XXX.XXX.XXX.XXX..X
.................................X
XXX.XXX.XXX.XXX.XXX.XXX.XXX.XXX..X
..................................
XXX.XXX.XXX.XXX.XXX.XXX.XXX.XXX..X
.................................X
XXX.XXX.XXX.XXX.XXX.XXX.XXX.XXX..X
..................................
XXX.XXX.XXX.XXX.XXX.XXX.XXX.XXX..X
.................................X
XXX.XXX.XXX.XXX.XXX.XXX.XXX.XXX..X
..................................
XXX.XXX.XXX.XXX.XXX.XXX.XXX.XXX..X
.................................X
XXX.XXX.XXX.XXX.XXX.XXX.XXX.XXX..X
..................................

XXX.XXX.XXX..X
.............X
XXX.XXX.XXX..X
..............
XXX.XXX.XXX...
..............

XXX.XXX.XXX.XXX.XXX.XXX.XXX.X
............................X
XXX.XXX.XXX.XXX.XXX.XXX.XXX.X
.............................
XXX.XXX.XXX.XXX.XXX.XXX.XXX.X
............................X
XXX.XXX.XXX.XXX.XXX.XXX.XXX.X
.............................
XXX.XXX.XXX.XXX.XXX.XXX.XXX.X
............................X
XXX.XXX.XXX.XXX.XXX.XXX.XXX.X
.............................
XXX.XXX.XXX.XXX.XXX.XXX.XXX.X
............................X
XXX.XXX.XXX.XXX.XXX.XXX.XXX.X
.............................
XXX.XXX.XXX.XXX.XXX.XXX.XXX.X
............................X
XXX.XXX.XXX.XXX.XXX.XXX.XXX.X
.............................
XXX.XXX.XXX.XXX.XXX.XXX.XXX..

XXX.XXX.XXX.XXX.XXX.XXX.XXX.XXX.XXX.X
....................................X
XXX.XXX.XXX.XXX.XXX.XXX.XXX.XXX.XXX.X
.....................................
XXX.XXX.XXX.XXX.XXX.XXX.XXX.XXX.XXX.X
....................................X
XXX.XXX.XXX.XXX.XXX.XXX.XXX.XXX.XXX.X
.....................................
XXX.XXX.XXX.XXX.XXX.XXX.XXX.XXX.XXX.X
....................................X
XXX.XXX.XXX.XXX.XXX.XXX.XXX.XXX.XXX.X
.....................................
XXX.XXX.XXX.XXX.XXX.XXX.XXX.XXX.XXX.X
....................................X
XXX.XXX.XXX.XXX.XXX.XXX.XXX.XXX.XXX.X
.....................................
XXX.XXX.XXX.XXX.XXX.XXX.XXX.XXX.XXX.X
....................................X
XXX.XXX.XXX.XXX.XXX.XXX.XXX.XXX.XXX.X

XXX.XXX.XXX..X
.............X
XXX.XXX.XXX..X
..............
XXX.XXX.XXX..X
.............X
XXX.XXX.XXX..X
..............
XXX.XXX.XXX..X
.............X
XXX.XXX.XXX..X
..............
XXX.XXX.XXX..X
.............X
XXX.XXX.XXX..X
..............
XXX.XXX.XXX..X
.............X
XXX.XXX.XXX..X
..............
XXX.XXX.XXX..X
.............X
XXX.XXX.XXX..X
..............
XXX.XXX.XXX..X
.............X
XXX.XXX.XXX..X

XXX..X
.....X
XXX..X
......
XXX..X
.....X
XXX..X
......
XXX..X
.....X
XXX..X
......
XXX..X
.....X
XXX..X
......
XXX..X
.....X
XXX..X
......
XXX..X
.....X
XXX..X
......
XXX..X
.....X
XXX..X
......
XXX...

XXX.XXX.XXX.XXX.XXX.XXX
.......................
XXX.XXX.XXX.XXX.XXX.XXX
.......................
XXX.XXX.XXX.XXX.XXX.XXX

XXX.XXX.XXX.XXX.XXX.XXX.
........................
XXX.XXX.XXX.XXX.XXX.XXX.
........................
XXX.XXX.XXX.XXX.XXX.XXX.
........................
XXX.XXX.XXX.XXX.XXX.XXX.
........................
XXX.XXX.XXX.XXX.XXX.XXX.
........................
XXX.XXX.XXX.XXX.XXX.XXX.
........................
XXX.XXX.XXX.XXX.XXX.XXX.
........................
XXX.XXX.XXX.XXX.XXX.XXX.

XXX.XXX.XXX.
............
XXX.XXX.XXX.
............
XXX.XXX.XXX.
............
XXX.XXX.XXX.
............
XXX.XXX.XXX.

XXX.XXX
.......
XXX.XXX
.......

XXX.XXX.XXX.X
............X
XXX.XXX.XXX.X
.............
XXX.XXX.XXX.X
............X
XXX.XXX.XXX.X
.............
XXX.XXX.XXX.X
............X
XXX.XXX.XXX.X
.............
XXX.XXX.XXX.X
............X
XXX.XXX.XXX.X
.............
XXX.XXX.XXX.X
............X
XXX.XXX.XXX.X
.............

XXX.XXX.XXX.XXX..X
.................X
XXX.XXX.XXX.XXX..X
..................
XXX.XXX.XXX.XXX..X
.................X
XXX.XXX.XXX.XXX..X
..................
XXX.XXX.XXX.XXX..X
.................X
XXX.XXX.XXX.XXX..X
..................
XXX.XXX.XXX.XXX..X
.................X
XXX.XXX.XXX.XXX..X
..................
XXX.XXX.XXX.XXX..X
.................X
XXX.XXX.XXX.XXX..X
..................
XXX.XXX.XXX.XXX..X
.................X
XXX.XXX.XXX.XXX..X
..................
XXX.XXX.XXX.XXX..X
.................X
XXX.XXX.XXX.XXX..X
..................

XXX.XXX.XXX.XXX.XXX.XXX..X
.........................X
XXX.XXX.XXX.XXX.XXX.XXX..X
..........................
XXX.XXX.XXX.XXX.XXX.XXX...
..........................

XXX.XXX.XXX.XXX.XXX.XXX.XXX.X
............................X
XXX.XXX.XXX.XXX.XXX.XXX.XXX.X
.............................
XXX.XXX.XXX.XXX.XXX.XXX.XXX.X
............................X
XXX.XXX.XXX.XXX.XXX.XXX.XXX.X
.............................
XXX.XXX.XXX.XXX.XXX.XXX.XXX.X
............................X
XXX.XXX.XXX.XXX.XXX.XXX.XXX.X
.............................

XXX.XXX.XXX..X
.............X
XXX.XXX.XXX..X
..............
XXX.XXX.XXX..X
.............X
XXX.XXX.XXX..X
..............
XXX.XXX.XXX..X
.............X
XXX.XXX.XXX..X
..............
XXX.XXX.XXX...
..............

XXX.XXX.XXX.XXX.XXX.XXX.XXX.XXX.XXX..X
.....................................X
XXX.XXX.XXX.XXX.XXX.XXX.XXX.XXX.XXX..X
......................................
XXX.XXX.XXX.XXX.XXX.XXX.XXX.XXX.XXX..X
.....................................X
XXX.XXX.XXX.XXX.XXX.XXX.XXX.XXX.XXX..X
......................................
XXX.XXX.XXX.XXX.XXX.XXX.XXX.XXX.XXX..X
.....................................X
XXX.XXX.XXX.XXX.XXX.XXX.XXX.XXX.XXX..X
......................................
XXX.XXX.XXX.XXX.XXX.XXX.XXX.XXX.XXX..X
.....................................X
XXX.XXX.XXX.XXX.XXX.XXX.XXX.XXX.XXX..X
......................................
XXX.XXX.XXX.XXX.XXX.XXX.XXX.XXX.XXX..X
.....................................X
XXX.XXX.XXX.XXX.XXX.XXX.XXX.XXX.XXX..X
......................................
XXX.XXX.XXX.XXX.XXX.XXX.XXX.XXX.XXX..X
.....................................X
XXX.XXX.XXX.XXX.XXX.XXX.XXX.XXX.XXX..X
......................................
XXX.XXX.XXX.XXX.XXX.XXX.XXX.XXX.XXX..X
.....................................X
XXX.XXX.XXX.XXX.XXX.XXX.XXX.XXX.XXX..X
......................................
XXX.XXX.XXX.XXX.XXX.XXX.XXX.XXX.XXX..X
.....................................X
XXX.XXX.XXX.XXX.XXX.XXX.XXX.XXX.XXX..X
......................................
XXX.XXX.XXX.XXX.XXX.XXX.XXX.XXX.XXX...
......................................

XXX.XXX.XXX.XXX.XXX.XXX.XXX.XXX.X
................................X
XXX.XXX.XXX.XXX.XXX.XXX.XXX.XXX.X
.................................
XXX.XXX.XXX.XXX.XXX.XXX.XXX.XXX.X
................................X
XXX.XXX.XXX.XXX.XXX.XXX.XXX.XXX.X
.................................
XXX.XXX.XXX.XXX.XXX.XXX.XXX.XXX.X
................................X
XXX.XXX.XXX.XXX.XXX.XXX.XXX.XXX.X
.................................
XXX.XXX.XXX.XXX.XXX.XXX.XXX.XXX.X
................................X
XXX.XXX.XXX.XXX.XXX.XXX.XXX.XXX.X
.................................
XXX.XXX.XXX.XXX.XXX.XXX.XXX.XXX.X
................................X
XXX.XXX.XXX.XXX.XXX.XXX.XXX.XXX.X
.................................
XXX.XXX.XXX.XXX.XXX.XXX.XXX.XXX.X
................................X
XXX.XXX.XXX.XXX.XXX.XXX.XXX.XXX.X
.................................
XXX.XXX.XXX.XXX.XXX.XXX.XXX.XXX.X
................................X
XXX.XXX.XXX.XXX.XXX.XXX.XXX.XXX.X

XXX.X
....X
XXX.X
.....
XXX.X
....X
XXX.X
.....
XXX.X
....X
XXX.X
.....

