XXX.XXX.X
........X
XXX.XXX.X
.........
XXX.XXX.X
........X
XXX.XXX.X
.........
XXX.XXX..

X.X.X.X.X..X
............
X.X.X.X.X..X
............
X.X.X.X.X..X
............
X.X.X.X.X..X
............
X.X.X.X.X..X
............
X.X.X.X.X..X
............
X.X.X.X.X..X
............
X.X.X.X.X..X
............
X.X.X.X.X..X

XXXX.XXXX.X.X
..........X.X
XXXX.XXXX.X.X
..........X.X
XXXX.XXXX....
.............
.............
XXXX.XXXX....

XXXXXX.XXXXXX
.............
XXXXXX.XXXXXX
.............
XXXXXX.XXXXXX
.............
XXXXXX.XXXXXX
.............
XXXXXX.XXXXXX
.............
XXXXXX.XXXXXX
.............
.............
XXXXXX.XXXXXX

XXXXXX.XXXXXX.X.X
..............X.X
XXXXXX.XXXXXX.X.X
..............X.X
XXXXXX.XXXXXX.X.X
..............X.X
XXXXXX.XXXXXX....
.................
.................
XXXXXX.XXXXXX....

X.X.X.X.X.X.X.X
...............
X.X.X.X.X.X.X.X
...............
X.X.X.X.X.X.X.X
...............
X.X.X.X.X.X.X.X
...............
X.X.X.X.X.X.X.X

XXXXXX.X.X.X.X
.......X.X.X.X
XXXXXX.X.X.X.X
.......X.X.X.X
XXXXXX.X.X.X.X
.......X.X.X.X
XXXXXX........
.......X.X.X.X
XXXXXX.X.X.X.X
.......X.X.X.X
XXXXXX.X.X.X.X
.......X.X.X.X
XXXXXX.X.X.X.X

XXXXXX.X..X
.......X..X
XXXXXX.X..X
.......X..X
XXXXXX.X..X
.......X..X
XXXXXX.....
.......X..X
XXXXXX.X..X
.......X..X
XXXXXX.X..X
.......X..X
XXXXXX.X..X
...........
...........
XXXXXX.....

X.X.X
X.X.X
X.X.X
X.X.X
.....
X.X.X
X.X.X
X.X.X
X.X.X
.....
.XXXX

XXXX.XXXX.X
..........X
XXXX.XXXX.X
..........X
XXXX.XXXX..
..........X
XXXX.XXXX.X
..........X
XXXX.XXXX.X
...........
XXXX.XXXX..
...........
XXXX.XXXX..

